###############################################################
#  Generated by:      Cadence Innovus 19.10-p002_1
#  OS:                Linux x86_64(Host ID scooby.ece.local.cmu.edu)
#  Generated on:      Sun Nov 16 16:53:29 2025
#  Design:            register_3
#  Command:           report_timing -max_paths 1 > ${DESIGN}_CRITICAL_PATH.rpt
###############################################################
Path 1: MET Setup Check with Pin q_reg[2]/CLK 
Endpoint:   q_reg[2]/D (^) checked with  leading edge of 'aclk'
Beginpoint: wen        (^) triggered by  leading edge of 'aclk'
Path Groups: {in2reg}
Analysis View: WC_VIEW
Other End Arrival Time          0.000
- Setup                        11.749
+ Phase Shift                 10000.000
+ CPPR Adjustment               0.000
- Uncertainty                 200.000
= Required Time               9788.251
- Arrival Time                1032.601
= Slack Time                  8755.650
     Clock Rise Edge                      0.000
     + Input Delay                      1000.000
     = Beginpoint Arrival Time          1000.000
     +---------------------------------------------------------------------------------+ 
     |  Instance |    Arc     |          Cell           |  Delay |  Arrival | Required | 
     |           |            |                         |        |   Time   |   Time   | 
     |-----------+------------+-------------------------+--------+----------+----------| 
     |           | wen ^      |                         |        |  999.999 | 9755.649 | 
     | g28__4319 | B ^ -> Y v | NOR2xp33_ASAP7_75t_R    | 15.200 | 1015.199 | 9770.850 | 
     | g27__6260 | B v -> Y ^ | A2O1A1Ixp33_ASAP7_75t_R | 17.400 | 1032.600 | 9788.250 | 
     | q_reg[2]  | D ^        | DFFHQNx1_ASAP7_75t_R    |  0.000 | 1032.601 | 9788.251 | 
     +---------------------------------------------------------------------------------+ 

