###############################################################
#  Generated by:      Cadence Innovus 21.38-s099_1
#  OS:                Linux x86_64(Host ID net1580)
#  Generated on:      Sat Aug 16 22:30:55 2025
#  Design:            EXP_SELECT
#  Command:           report_timing -max_paths 1 > ${DESIGN}_CRITICAL_PATH.rpt
###############################################################
Path 1: MET Setup Check with Pin oData_reg[8]/CK 
Endpoint:   oData_reg[8]/D  (^) checked with  leading edge of 'core_clock'
Beginpoint: iCompareData[2] (^) triggered by  leading edge of 'core_clock'
Path Groups: {in2reg}
Analysis View: WC_VIEW
Other End Arrival Time          0.000
- Setup                         0.033
+ Phase Shift                   2.500
+ CPPR Adjustment               0.000
- Uncertainty                   0.100
= Required Time                 2.367
- Arrival Time                  1.173
= Slack Time                    1.193
     Clock Rise Edge                      0.000
     + Input Delay                        1.000
     = Beginpoint Arrival Time            1.000
     +--------------------------------------------------------------------------+ 
     |   Instance   |        Arc        |   Cell   | Delay | Arrival | Required | 
     |              |                   |          |       |  Time   |   Time   | 
     |--------------+-------------------+----------+-------+---------+----------| 
     |              | iCompareData[2] ^ |          |       |   1.000 |    2.193 | 
     | g180__7482   | A ^ -> ZN ^       | XNOR2_X1 | 0.034 |   1.034 |    2.227 | 
     | g179__5115   | A3 ^ -> ZN ^      | AND3_X1  | 0.095 |   1.129 |    2.322 | 
     | g174__8246   | A1 ^ -> ZN ^      | AND2_X1  | 0.045 |   1.173 |    2.367 | 
     | oData_reg[8] | D ^               | DFFR_X1  | 0.000 |   1.173 |    2.367 | 
     +--------------------------------------------------------------------------+ 

