###############################################################
#  Generated by:      Cadence Innovus 19.10-p002_1
#  OS:                Linux x86_64(Host ID scooby.ece.local.cmu.edu)
#  Generated on:      Sat Nov 15 02:34:16 2025
#  Design:            pe_32
#  Command:           report_timing -max_paths 1 > ${DESIGN}_CRITICAL_PATH.rpt
###############################################################
Path 1: VIOLATED Setup Check with Pin oA_reg[31]/CK 
Endpoint:   oA_reg[31]/D (v) checked with  leading edge of 'core_clock'
Beginpoint: iW[2]        (^) triggered by  leading edge of '@'
Path Groups: {in2reg}
Analysis View: WC_VIEW
Other End Arrival Time          0.000
- Setup                         0.042
+ Phase Shift                   2.500
+ CPPR Adjustment               0.000
- Uncertainty                   0.100
= Required Time                 2.358
- Arrival Time                  2.361
= Slack Time                   -0.003
     Clock Rise Edge                      0.000
     + Input Delay                        0.000
     = Beginpoint Arrival Time            0.000
     +--------------------------------------------------------------------------------------------------+ 
     |                 Instance                  |     Arc      |   Cell   | Delay | Arrival | Required | 
     |                                           |              |          |       |  Time   |   Time   | 
     |-------------------------------------------+--------------+----------+-------+---------+----------| 
     |                                           | iW[2] ^      |          |       |   0.000 |   -0.003 | 
     | WALLACE_CSA_DUMMY_OP_groupi_g8925__4733   | A ^ -> Z ^   | XOR2_X1  | 0.056 |   0.056 |    0.054 | 
     | WALLACE_CSA_DUMMY_OP_groupi_g8884__1881   | A1 ^ -> ZN v | NAND2_X1 | 0.086 |   0.142 |    0.139 | 
     | FE_OFC6_WALLACE_CSA_DUMMY_OP_groupi_n_159 | A v -> ZN ^  | INV_X2   | 0.053 |   0.195 |    0.192 | 
     | WALLACE_CSA_DUMMY_OP_groupi_g8791__4319   | B1 ^ -> ZN v | OAI21_X1 | 0.021 |   0.216 |    0.213 | 
     | WALLACE_CSA_DUMMY_OP_groupi_g8724__9945   | A v -> ZN v  | XNOR2_X1 | 0.043 |   0.259 |    0.256 | 
     | WALLACE_CSA_DUMMY_OP_groupi_g8681__3680   | A v -> CO v  | HA_X1    | 0.032 |   0.291 |    0.288 | 
     | WALLACE_CSA_DUMMY_OP_groupi_g8653__1617   | CI v -> CO v | FA_X1    | 0.069 |   0.360 |    0.357 | 
     | WALLACE_CSA_DUMMY_OP_groupi_g8624__1617   | CI v -> CO v | FA_X1    | 0.073 |   0.432 |    0.430 | 
     | WALLACE_CSA_DUMMY_OP_groupi_g8575__5115   | CI v -> CO v | FA_X1    | 0.075 |   0.508 |    0.505 | 
     | WALLACE_CSA_DUMMY_OP_groupi_g8523__2346   | A v -> CO v  | FA_X1    | 0.081 |   0.589 |    0.586 | 
     | WALLACE_CSA_DUMMY_OP_groupi_g8461__6161   | A v -> CO v  | FA_X1    | 0.081 |   0.670 |    0.667 | 
     | WALLACE_CSA_DUMMY_OP_groupi_g8411__2398   | A v -> CO v  | FA_X1    | 0.081 |   0.750 |    0.748 | 
     | WALLACE_CSA_DUMMY_OP_groupi_g8373__9315   | A v -> CO v  | FA_X1    | 0.082 |   0.832 |    0.830 | 
     | WALLACE_CSA_DUMMY_OP_groupi_g8328__4319   | A v -> CO v  | FA_X1    | 0.082 |   0.914 |    0.912 | 
     | WALLACE_CSA_DUMMY_OP_groupi_g8291__2883   | A v -> CO v  | FA_X1    | 0.083 |   0.997 |    0.995 | 
     | WALLACE_CSA_DUMMY_OP_groupi_g8264__2346   | A v -> CO v  | FA_X1    | 0.085 |   1.083 |    1.080 | 
     | FE_RC_173_0                               | A2 v -> ZN ^ | NAND2_X1 | 0.022 |   1.105 |    1.102 | 
     | FE_RC_172_0                               | A1 ^ -> ZN v | NAND2_X1 | 0.018 |   1.123 |    1.120 | 
     | WALLACE_CSA_DUMMY_OP_groupi_g8241__2398   | CI v -> CO v | FA_X1    | 0.071 |   1.193 |    1.191 | 
     | WALLACE_CSA_DUMMY_OP_groupi_g8230__7482   | CI v -> CO v | FA_X1    | 0.078 |   1.272 |    1.269 | 
     | FE_RC_136_0                               | A v -> ZN ^  | INV_X1   | 0.028 |   1.300 |    1.297 | 
     | FE_RC_123_0                               | A2 ^ -> ZN v | NAND2_X1 | 0.016 |   1.316 |    1.313 | 
     | FE_RC_132_0                               | A v -> ZN ^  | INV_X1   | 0.021 |   1.337 |    1.334 | 
     | FE_RC_120_0                               | B1 ^ -> ZN v | OAI21_X2 | 0.026 |   1.363 |    1.360 | 
     | FE_RC_84_0                                | A2 v -> ZN ^ | NAND2_X2 | 0.027 |   1.389 |    1.387 | 
     | FE_RC_81_0                                | A3 ^ -> ZN v | NAND3_X4 | 0.026 |   1.415 |    1.413 | 
     | FE_RC_14_0                                | A2 v -> ZN ^ | NAND2_X2 | 0.025 |   1.440 |    1.437 | 
     | FE_RC_12_0                                | A2 ^ -> ZN v | NAND3_X4 | 0.023 |   1.462 |    1.460 | 
     | FE_RC_142_0                               | A v -> ZN ^  | INV_X1   | 0.015 |   1.477 |    1.475 | 
     | FE_RC_140_0                               | A2 ^ -> ZN v | NAND2_X1 | 0.017 |   1.494 |    1.491 | 
     | FE_RC_139_0                               | A1 v -> ZN ^ | NAND2_X1 | 0.019 |   1.513 |    1.510 | 
     | FE_RC_138_0                               | A1 ^ -> ZN v | NAND2_X2 | 0.019 |   1.531 |    1.529 | 
     | FE_RC_98_0                                | A v -> ZN ^  | INV_X2   | 0.017 |   1.548 |    1.546 | 
     | FE_RC_96_0                                | A2 ^ -> ZN v | NAND2_X1 | 0.018 |   1.566 |    1.563 | 
     | FE_RC_95_0                                | A v -> ZN ^  | INV_X2   | 0.020 |   1.586 |    1.583 | 
     | FE_RC_93_0                                | B1 ^ -> ZN v | OAI21_X4 | 0.019 |   1.605 |    1.602 | 
     | FE_RC_90_0                                | A2 v -> ZN ^ | NAND2_X2 | 0.028 |   1.632 |    1.630 | 
     | FE_RC_87_0                                | A3 ^ -> ZN v | NAND3_X4 | 0.027 |   1.660 |    1.657 | 
     | FE_RC_68_0                                | A2 v -> ZN ^ | NAND2_X2 | 0.025 |   1.685 |    1.682 | 
     | FE_RC_171_0                               | A3 ^ -> ZN v | NAND3_X4 | 0.025 |   1.710 |    1.707 | 
     | FE_RC_63_0                                | A2 v -> ZN ^ | NAND2_X2 | 0.025 |   1.735 |    1.732 | 
     | FE_RC_60_0                                | A3 ^ -> ZN v | NAND3_X4 | 0.025 |   1.760 |    1.757 | 
     | FE_RC_48_0                                | A2 v -> ZN ^ | NAND2_X2 | 0.020 |   1.780 |    1.777 | 
     | FE_RC_45_0                                | A3 ^ -> ZN v | NAND3_X2 | 0.038 |   1.818 |    1.816 | 
     | FE_RC_33_0                                | A2 v -> ZN ^ | NAND2_X4 | 0.025 |   1.843 |    1.841 | 
     | FE_RC_30_0                                | A3 ^ -> ZN v | NAND3_X4 | 0.024 |   1.867 |    1.865 | 
     | FE_RC_27_0                                | A2 v -> ZN ^ | NAND2_X2 | 0.025 |   1.892 |    1.889 | 
     | FE_RC_24_0                                | A3 ^ -> ZN v | NAND3_X4 | 0.022 |   1.914 |    1.911 | 
     | FE_RC_20_0                                | A2 v -> ZN ^ | NAND2_X1 | 0.019 |   1.932 |    1.930 | 
     | FE_RC_170_0                               | A2 ^ -> ZN v | NAND3_X1 | 0.025 |   1.958 |    1.955 | 
     | WALLACE_CSA_DUMMY_OP_groupi_g8182__7410   | CI v -> CO v | FA_X1    | 0.073 |   2.031 |    2.028 | 
     | WALLACE_CSA_DUMMY_OP_groupi_g8181__1666   | CI v -> CO v | FA_X1    | 0.074 |   2.105 |    2.103 | 
     | WALLACE_CSA_DUMMY_OP_groupi_g8180__2346   | CI v -> CO v | FA_X1    | 0.073 |   2.178 |    2.176 | 
     | WALLACE_CSA_DUMMY_OP_groupi_g8179__2883   | CI v -> CO v | FA_X1    | 0.072 |   2.250 |    2.248 | 
     | WALLACE_CSA_DUMMY_OP_groupi_g8178__9945   | CI v -> CO v | FA_X1    | 0.073 |   2.324 |    2.321 | 
     | FE_RC_2_0                                 | A v -> ZN ^  | INV_X1   | 0.017 |   2.341 |    2.338 | 
     | FE_RC_0_0                                 | B1 ^ -> ZN v | OAI22_X1 | 0.020 |   2.361 |    2.358 | 
     | oA_reg[31]                                | D v          | DFFR_X1  | 0.000 |   2.361 |    2.358 | 
     +--------------------------------------------------------------------------------------------------+ 

