###############################################################
#  Generated by:      Cadence Innovus 21.38-s099_1
#  OS:                Linux x86_64(Host ID net1580)
#  Generated on:      Sun Aug 17 14:20:48 2025
#  Design:            ACCUMULATOR_BFLOAT16_REG
#  Command:           report_timing -max_paths 1 > ${DESIGN}_CRITICAL_PATH.rpt
###############################################################
Path 1: VIOLATED Setup Check with Pin oData_reg[14]/CK 
Endpoint:   oData_reg[14]/D (^) checked with  leading edge of 'core_clock'
Beginpoint: iDataA[7]       (^) triggered by  leading edge of 'core_clock'
Path Groups: {in2reg}
Analysis View: WC_VIEW
Other End Arrival Time          0.000
- Setup                         0.041
+ Phase Shift                   2.500
+ CPPR Adjustment               0.000
- Uncertainty                   0.100
= Required Time                 2.359
- Arrival Time                  2.387
= Slack Time                   -0.028
     Clock Rise Edge                      0.000
     + Input Delay                        1.000
     = Beginpoint Arrival Time            1.000
     +-----------------------------------------------------------------------+ 
     |   Instance    |     Arc      |   Cell    | Delay | Arrival | Required | 
     |               |              |           |       |  Time   |   Time   | 
     |---------------+--------------+-----------+-------+---------+----------| 
     |               | iDataA[7] ^  |           |       |   1.000 |    0.972 | 
     | g11566__8428  | A2 ^ -> ZN v | NAND2_X4  | 0.013 |   1.013 |    0.985 | 
     | g11554        | A v -> ZN ^  | INV_X2    | 0.015 |   1.028 |    1.000 | 
     | g11551__1666  | A1 ^ -> ZN v | NAND2_X4  | 0.015 |   1.043 |    1.015 | 
     | g11547__9315  | A1 v -> ZN ^ | NAND2_X2  | 0.015 |   1.058 |    1.031 | 
     | g11540        | A ^ -> ZN v  | INV_X1    | 0.012 |   1.070 |    1.042 | 
     | g11536__8246  | A1 v -> ZN ^ | NAND2_X1  | 0.022 |   1.093 |    1.065 | 
     | g11531__1617  | A2 ^ -> ZN v | NAND2_X1  | 0.017 |   1.110 |    1.082 | 
     | g11522__4319  | A v -> ZN ^  | XNOR2_X1  | 0.107 |   1.217 |    1.189 | 
     | g11508        | A ^ -> ZN v  | INV_X1    | 0.026 |   1.242 |    1.214 | 
     | g11505__6161  | A1 v -> ZN ^ | NOR2_X1   | 0.117 |   1.359 |    1.331 | 
     | g11386__5122  | A1 ^ -> ZN v | NAND2_X1  | 0.021 |   1.379 |    1.351 | 
     | g11357__6783  | A v -> ZN ^  | OAI21_X1  | 0.027 |   1.407 |    1.379 | 
     | g11311__7410  | A1 ^ -> ZN v | AOI22_X1  | 0.019 |   1.426 |    1.398 | 
     | g11288__5122  | A2 v -> ZN ^ | OAI22_X1  | 0.067 |   1.493 |    1.465 | 
     | g11260__2883  | A2 ^ -> ZN v | NAND2_X1  | 0.026 |   1.518 |    1.491 | 
     | g11255        | A v -> ZN ^  | INV_X1    | 0.022 |   1.540 |    1.512 | 
     | g11212__1617  | A ^ -> ZN v  | AOI21_X2  | 0.015 |   1.555 |    1.527 | 
     | g11205__4319  | B1 v -> ZN ^ | OAI21_X4  | 0.028 |   1.583 |    1.555 | 
     | g11200__2398  | A1 ^ -> ZN v | NAND2_X4  | 0.027 |   1.610 |    1.582 | 
     | g11198        | A v -> ZN ^  | INV_X4    | 0.028 |   1.638 |    1.610 | 
     | g11188__9315  | A1 ^ -> ZN v | NAND2_X1  | 0.015 |   1.653 |    1.625 | 
     | g11184__7482  | A v -> ZN ^  | OAI21_X1  | 0.024 |   1.677 |    1.649 | 
     | g11147__4733  | A ^ -> ZN ^  | XNOR2_X1  | 0.049 |   1.725 |    1.698 | 
     | g11116__9945  | A1 ^ -> ZN v | NAND2_X1  | 0.017 |   1.743 |    1.715 | 
     | FE_RC_2_0     | A1 v -> ZN ^ | NAND2_X1  | 0.023 |   1.766 |    1.738 | 
     | g11073        | A ^ -> ZN v  | INV_X1    | 0.009 |   1.775 |    1.747 | 
     | FE_RC_0_0     | B1 v -> ZN ^ | OAI21_X1  | 0.038 |   1.813 |    1.785 | 
     | g11068__8246  | A1 ^ -> ZN v | NAND2_X1  | 0.018 |   1.830 |    1.802 | 
     | g11586        | A1 v -> ZN v | AND2_X2   | 0.030 |   1.860 |    1.833 | 
     | FE_RC_1_0     | B1 v -> ZN ^ | OAI21_X2  | 0.029 |   1.890 |    1.862 | 
     | g11059__6783  | B1 ^ -> ZN v | AOI21_X1  | 0.017 |   1.907 |    1.879 | 
     | g11058        | A v -> ZN ^  | INV_X1    | 0.020 |   1.927 |    1.899 | 
     | g11054__4319  | B1 ^ -> ZN v | OAI21_X1  | 0.015 |   1.942 |    1.914 | 
     | g11053        | A v -> ZN ^  | INV_X1    | 0.017 |   1.958 |    1.930 | 
     | g11052__6260  | CI ^ -> CO ^ | FA_X1     | 0.044 |   2.002 |    1.974 | 
     | g11051        | A ^ -> ZN v  | INV_X1    | 0.013 |   2.014 |    1.987 | 
     | g11048__2398  | A v -> ZN v  | XNOR2_X1  | 0.041 |   2.055 |    2.027 | 
     | g11046        | A v -> ZN ^  | INV_X1    | 0.034 |   2.089 |    2.061 | 
     | g11039__2883  | A2 ^ -> ZN ^ | AND4_X2   | 0.062 |   2.151 |    2.123 | 
     | g11033__4733  | A1 ^ -> ZN ^ | AND3_X1   | 0.061 |   2.211 |    2.184 | 
     | g11015__6260  | A1 ^ -> ZN v | NAND3_X1  | 0.074 |   2.286 |    2.258 | 
     | g10994__7098  | A v -> ZN ^  | AOI21_X1  | 0.060 |   2.346 |    2.318 | 
     | g10962__6131  | A1 ^ -> ZN v | NOR4_X1   | 0.014 |   2.360 |    2.332 | 
     | g10951__5526  | A v -> ZN ^  | OAI221_X1 | 0.026 |   2.387 |    2.359 | 
     | oData_reg[14] | D ^          | DFFR_X1   | 0.000 |   2.387 |    2.359 | 
     +-----------------------------------------------------------------------+ 

