###############################################################
#  Generated by:      Cadence Innovus 19.10-p002_1
#  OS:                Linux x86_64(Host ID scooby.ece.local.cmu.edu)
#  Generated on:      Thu Nov 13 13:16:31 2025
#  Design:            pulse2edge
#  Command:           report_timing -max_paths 1 > ${DESIGN}_CRITICAL_PATH.rpt
###############################################################
Path 1: MET Setup Check with Pin pluse2edge_inst/ACLK 
Endpoint:   pluse2edge_inst/PULSE_IN (v) checked with  leading edge of 'core_
clock'
Beginpoint: pulse_in                 (v) triggered by  leading edge of '@'
Path Groups: {in2reg}
Analysis View: WC_VIEW
Other End Arrival Time          0.000
- Setup                        43.000
+ Phase Shift                 10000000.000
+ CPPR Adjustment               0.000
= Required Time               9999957.000
- Arrival Time                  0.000
= Slack Time                  9999957.000
     Clock Rise Edge                      0.000
     + Input Delay                        0.000
     = Beginpoint Arrival Time            0.000
     +--------------------------------------------------------------------------------+ 
     |    Instance     |    Arc     |      Cell       | Delay | Arrival |  Required   | 
     |                 |            |                 |       |  Time   |    Time     | 
     |-----------------+------------+-----------------+-------+---------+-------------| 
     |                 | pulse_in v |                 |       |   0.000 | 9999957.000 | 
     | pluse2edge_inst | PULSE_IN v | pulse2edge_area | 0.000 |   0.000 | 9999957.000 | 
     +--------------------------------------------------------------------------------+ 

