###############################################################
#  Generated by:      Cadence Innovus 21.38-s099_1
#  OS:                Linux x86_64(Host ID net1580)
#  Generated on:      Sat Aug 16 23:09:44 2025
#  Design:            INT_TO_FP
#  Command:           report_timing -max_paths 1 > ${DESIGN}_CRITICAL_PATH.rpt
###############################################################
Path 1: VIOLATED Setup Check with Pin oFloat_reg[5]/CK 
Endpoint:   oFloat_reg[5]/D (v) checked with  leading edge of 'core_clock'
Beginpoint: iMaxExponent[0] (^) triggered by  leading edge of 'core_clock'
Path Groups: {in2reg}
Analysis View: WC_VIEW
Other End Arrival Time          0.000
- Setup                         0.046
+ Phase Shift                   2.500
+ CPPR Adjustment               0.000
- Uncertainty                   0.100
= Required Time                 2.354
- Arrival Time                  2.374
= Slack Time                   -0.019
     Clock Rise Edge                      0.000
     + Input Delay                        1.000
     = Beginpoint Arrival Time            1.000
     +-------------------------------------------------------------------------------------+ 
     |        Instance        |        Arc        |   Cell    | Delay | Arrival | Required | 
     |                        |                   |           |       |  Time   |   Time   | 
     |------------------------+-------------------+-----------+-------+---------+----------| 
     |                        | iMaxExponent[0] ^ |           |       |   1.000 |    0.981 | 
     | g6325                  | A ^ -> CO ^       | HA_X1     | 0.035 |   1.035 |    1.016 | 
     | g6183__6131            | A1 ^ -> ZN v      | NAND2_X1  | 0.014 |   1.049 |    1.030 | 
     | g6181__7098            | A1 v -> ZN ^      | NAND2_X1  | 0.023 |   1.073 |    1.054 | 
     | g6169__6260            | B1 ^ -> ZN v      | AOI21_X2  | 0.019 |   1.092 |    1.073 | 
     | g6159__9945            | B1 v -> ZN ^      | OAI21_X2  | 0.029 |   1.121 |    1.102 | 
     | g6151__1881            | A1 ^ -> ZN v      | NAND2_X1  | 0.019 |   1.140 |    1.121 | 
     | g6150__6131            | A1 v -> ZN ^      | NAND2_X2  | 0.022 |   1.163 |    1.143 | 
     | g6143__3680            | B1 ^ -> ZN v      | AOI21_X4  | 0.017 |   1.180 |    1.160 | 
     | g6139__4319            | B1 v -> ZN ^      | OAI21_X2  | 0.022 |   1.202 |    1.183 | 
     | g6136__2398            | A1 ^ -> ZN v      | NAND2_X1  | 0.018 |   1.220 |    1.201 | 
     | g6135__5477            | A1 v -> ZN ^      | NAND2_X2  | 0.029 |   1.249 |    1.230 | 
     | FE_OFC9_n_248          | A ^ -> ZN v       | INV_X1    | 0.011 |   1.260 |    1.241 | 
     | g6324                  | B1 v -> ZN ^      | AOI221_X1 | 0.074 |   1.334 |    1.315 | 
     | FE_OFC0_n_479          | A ^ -> ZN v       | INV_X1    | 0.034 |   1.368 |    1.349 | 
     | g6099__2398            | A1 v -> ZN ^      | NOR2_X2   | 0.031 |   1.400 |    1.381 | 
     | g6093__2346            | B2 ^ -> ZN v      | OAI21_X1  | 0.027 |   1.427 |    1.408 | 
     | g6092__2883            | B1 v -> ZN ^      | AOI21_X2  | 0.031 |   1.458 |    1.439 | 
     | g6088__6161            | A1 ^ -> ZN v      | OAI22_X1  | 0.027 |   1.485 |    1.466 | 
     | g6085__7482            | A v -> ZN ^       | OAI21_X1  | 0.029 |   1.514 |    1.494 | 
     | g6084                  | A ^ -> ZN v       | INV_X1    | 0.010 |   1.523 |    1.504 | 
     | g6082__1881            | A v -> ZN ^       | OAI21_X1  | 0.022 |   1.546 |    1.526 | 
     | g6080__7098            | A1 ^ -> ZN v      | NAND2_X1  | 0.017 |   1.563 |    1.543 | 
     | g6078__5122            | A1 v -> ZN ^      | NAND2_X1  | 0.022 |   1.584 |    1.565 | 
     | g6322                  | A ^ -> ZN ^       | XNOR2_X2  | 0.048 |   1.632 |    1.613 | 
     | FE_OFC8_n_478          | A ^ -> ZN v       | INV_X1    | 0.035 |   1.667 |    1.648 | 
     | g6321                  | A v -> ZN ^       | XNOR2_X2  | 0.105 |   1.772 |    1.753 | 
     | srl_54_510_g1274__5122 | A2 ^ -> ZN v      | NAND2_X1  | 0.053 |   1.825 |    1.805 | 
     | srl_54_510_g1217__5115 | B1 v -> ZN ^      | OAI222_X1 | 0.058 |   1.883 |    1.864 | 
     | srl_54_510_g1206__6783 | B ^ -> Z ^        | MUX2_X1   | 0.051 |   1.934 |    1.914 | 
     | srl_54_510_g1205       | A ^ -> ZN v       | INV_X1    | 0.008 |   1.942 |    1.923 | 
     | srl_54_510_g1195__1666 | A1 v -> ZN ^      | OAI22_X1  | 0.028 |   1.970 |    1.951 | 
     | srl_54_510_g1192__9945 | B ^ -> Z ^        | MUX2_X1   | 0.058 |   2.029 |    2.009 | 
     | g5792                  | A ^ -> ZN v       | INV_X1    | 0.017 |   2.045 |    2.026 | 
     | g5738__5526            | A2 v -> ZN ^      | NAND2_X1  | 0.042 |   2.087 |    2.068 | 
     | g5730__6260            | A2 ^ -> ZN v      | NOR2_X2   | 0.019 |   2.106 |    2.087 | 
     | g5714__5115            | A1 v -> ZN ^      | NOR2_X2   | 0.030 |   2.136 |    2.117 | 
     | g5709                  | A ^ -> ZN v       | INV_X1    | 0.010 |   2.146 |    2.127 | 
     | g5692__5477            | B1 v -> ZN ^      | AOI221_X1 | 0.087 |   2.233 |    2.214 | 
     | g5673__5122            | A1 ^ -> ZN v      | NOR3_X1   | 0.018 |   2.251 |    2.231 | 
     | g5663__4319            | A v -> ZN ^       | AOI21_X1  | 0.054 |   2.304 |    2.285 | 
     | g5653__1666            | A ^ -> ZN v       | OAI21_X1  | 0.025 |   2.330 |    2.311 | 
     | g5642__9315            | A v -> ZN v       | XNOR2_X1  | 0.044 |   2.374 |    2.354 | 
     | oFloat_reg[5]          | D v               | DFFR_X1   | 0.000 |   2.374 |    2.354 | 
     +-------------------------------------------------------------------------------------+ 

