###############################################################
#  Generated by:      Cadence Innovus 19.10-p002_1
#  OS:                Linux x86_64(Host ID scooby.ece.local.cmu.edu)
#  Generated on:      Sun Nov 16 22:33:14 2025
#  Design:            neuron_body
#  Command:           report_timing -max_paths 1 > ${DESIGN}_CRITICAL_PATH.rpt
###############################################################
Path 1: MET Late External Delay Assertion 
Endpoint:   output_spike (v) checked with  leading edge of 'aclk'
Beginpoint: acc_in[0]    (v) triggered by  leading edge of 'aclk'
Path Groups: {in2out}
Analysis View: WC_VIEW
Other End Arrival Time          0.000
- External Delay              1000.000
+ Phase Shift                 10000.000
+ CPPR Adjustment               0.000
- Uncertainty                 200.000
= Required Time               8800.000
- Arrival Time                1216.900
= Slack Time                  7583.100
     Clock Rise Edge                      0.000
     + Input Delay                      1000.000
     = Beginpoint Arrival Time          1000.000
     +--------------------------------------------------------------------------------------------+ 
     |      Instance      |      Arc       |         Cell          |  Delay |  Arrival | Required | 
     |                    |                |                       |        |   Time   |   Time   | 
     |--------------------+----------------+-----------------------+--------+----------+----------| 
     |                    | acc_in[0] v    |                       |        | 1000.001 | 8583.102 | 
     | p1/g181            | A v -> Y ^     | NAND2xp33_ASAP7_75t_R | 28.200 | 1028.202 | 8611.302 | 
     | p1/g178            | B ^ -> Y v     | NOR2xp33_ASAP7_75t_R  | 39.700 | 1067.901 | 8651.001 | 
     | p1/g177            | A v -> Y ^     | NAND2xp33_ASAP7_75t_R | 36.400 | 1104.300 | 8687.400 | 
     | p1/g176            | A ^ -> Y v     | INVxp33_ASAP7_75t_R   | 33.500 | 1137.800 | 8720.900 | 
     | p1/g62__2398       | A v -> Y ^     | NAND2xp33_ASAP7_75t_R | 21.800 | 1159.600 | 8742.700 | 
     | p1/g182            | A ^ -> Y v     | INVxp33_ASAP7_75t_R   | 20.000 | 1179.600 | 8762.700 | 
     | fs/fsm_simple_inst | IN v -> OUT v  | fsm_simple_macro      | 37.300 | 1216.900 | 8800.000 | 
     |                    | output_spike v |                       |  0.000 | 1216.900 | 8800.000 | 
     +--------------------------------------------------------------------------------------------+ 

