###############################################################
#  Generated by:      Cadence Innovus 21.38-s099_1
#  OS:                Linux x86_64(Host ID net1580)
#  Generated on:      Mon Aug 18 12:47:08 2025
#  Design:            VLP_WINDOW
#  Command:           report_timing -max_paths 1 > ${DESIGN}_CRITICAL_PATH.rpt
###############################################################
Path 1: MET Setup Check with Pin oWindow_reg[107]/CK 
Endpoint:   oWindow_reg[107]/D (^) checked with  leading edge of 'core_clock'
Beginpoint: iExpMax[3]         (^) triggered by  leading edge of 'core_clock'
Path Groups: {in2reg}
Analysis View: WC_VIEW
Other End Arrival Time          0.000
- Setup                         0.043
+ Phase Shift                   2.500
+ CPPR Adjustment               0.000
- Uncertainty                   0.100
= Required Time                 2.357
- Arrival Time                  1.750
= Slack Time                    0.607
     Clock Rise Edge                      0.000
     + Input Delay                        1.000
     = Beginpoint Arrival Time            1.000
     +--------------------------------------------------------------------------+ 
     |     Instance     |     Arc      |   Cell    | Delay | Arrival | Required | 
     |                  |              |           |       |  Time   |   Time   | 
     |------------------+--------------+-----------+-------+---------+----------| 
     |                  | iExpMax[3] ^ |           |       |   1.000 |    1.607 | 
     | g11608           | A ^ -> ZN v  | INV_X1    | 0.016 |   1.016 |    1.624 | 
     | FE_OFC17_n_2     | A v -> Z v   | CLKBUF_X2 | 0.149 |   1.165 |    1.773 | 
     | g11607__8246     | A1 v -> ZN v | OR2_X1    | 0.161 |   1.326 |    1.933 | 
     | FE_OFC13_17      | A v -> Z v   | CLKBUF_X3 | 0.142 |   1.468 |    2.075 | 
     | FE_OFC14_17      | A v -> Z v   | CLKBUF_X2 | 0.188 |   1.656 |    2.264 | 
     | g11213__6161     | B2 v -> ZN ^ | OAI221_X1 | 0.094 |   1.750 |    2.357 | 
     | oWindow_reg[107] | D ^          | DFFR_X1   | 0.000 |   1.750 |    2.357 | 
     +--------------------------------------------------------------------------+ 

