###############################################################
#  Generated by:      Cadence Innovus 19.10-p002_1
#  OS:                Linux x86_64(Host ID scooby.ece.local.cmu.edu)
#  Generated on:      Sat Nov 15 02:22:43 2025
#  Design:            pe_8
#  Command:           report_timing -max_paths 1 > ${DESIGN}_CRITICAL_PATH.rpt
###############################################################
Path 1: MET Setup Check with Pin oA_reg[7]/CK 
Endpoint:   oA_reg[7]/D (v) checked with  leading edge of 'core_clock'
Beginpoint: iW[0]       (^) triggered by  leading edge of '@'
Path Groups: {in2reg}
Analysis View: WC_VIEW
Other End Arrival Time          0.000
- Setup                         0.041
+ Phase Shift                   2.500
+ CPPR Adjustment               0.000
- Uncertainty                   0.100
= Required Time                 2.359
- Arrival Time                  0.624
= Slack Time                    1.735
     Clock Rise Edge                      0.000
     + Input Delay                        0.000
     = Beginpoint Arrival Time            0.000
     +-----------------------------------------------------------------------------------------------------+ 
     |                   Instance                    |     Arc      |  Cell   | Delay | Arrival | Required | 
     |                                               |              |         |       |  Time   |   Time   | 
     |-----------------------------------------------+--------------+---------+-------+---------+----------| 
     |                                               | iW[0] ^      |         |       |   0.000 |    1.735 | 
     | csa_tree_ADD_TC_OP_groupi_g882__4319          | A2 ^ -> ZN ^ | AND2_X1 | 0.035 |   0.035 |    1.770 | 
     | csa_tree_ADD_TC_OP_groupi_g863__8246          | A ^ -> S ^   | HA_X1   | 0.055 |   0.090 |    1.825 | 
     | csa_tree_ADD_TC_OP_groupi_cdnfadd_002_0__2802 | CI ^ -> S v  | FA_X1   | 0.101 |   0.191 |    1.926 | 
     | csa_tree_ADD_TC_OP_groupi_g859__1617          | CI v -> CO v | FA_X1   | 0.077 |   0.268 |    2.003 | 
     | csa_tree_ADD_TC_OP_groupi_g858__3680          | A v -> CO v  | FA_X1   | 0.080 |   0.348 |    2.083 | 
     | csa_tree_ADD_TC_OP_groupi_g857__6783          | CI v -> CO v | FA_X1   | 0.076 |   0.423 |    2.158 | 
     | csa_tree_ADD_TC_OP_groupi_g856__5526          | A v -> CO v  | FA_X1   | 0.079 |   0.502 |    2.238 | 
     | csa_tree_ADD_TC_OP_groupi_g854__4319          | CI v -> CO v | FA_X1   | 0.071 |   0.573 |    2.308 | 
     | csa_tree_ADD_TC_OP_groupi_g853__6260          | A v -> Z v   | XOR2_X1 | 0.051 |   0.624 |    2.359 | 
     | oA_reg[7]                                     | D v          | DFFR_X1 | 0.000 |   0.624 |    2.359 | 
     +-----------------------------------------------------------------------------------------------------+ 

