###############################################################
#  Generated by:      Cadence Innovus 21.38-s099_1
#  OS:                Linux x86_64(Host ID net1580)
#  Generated on:      Sat Aug 16 23:17:45 2025
#  Design:            MULTIPLIER_BFLOAT16_REG
#  Command:           report_timing -max_paths 1 > ${DESIGN}_CRITICAL_PATH.rpt
###############################################################
Path 1: VIOLATED Setup Check with Pin oData_reg[2]/CK 
Endpoint:   oData_reg[2]/D (^) checked with  leading edge of 'core_clock'
Beginpoint: iDataB[4]      (v) triggered by  leading edge of 'core_clock'
Path Groups: {in2reg}
Analysis View: WC_VIEW
Other End Arrival Time          0.000
- Setup                         0.033
+ Phase Shift                   2.500
+ CPPR Adjustment               0.000
- Uncertainty                   0.100
= Required Time                 2.367
- Arrival Time                  2.384
= Slack Time                   -0.016
     Clock Rise Edge                      0.000
     + Input Delay                        1.000
     = Beginpoint Arrival Time            1.000
     +------------------------------------------------------------------------------------------------+ 
     |                Instance                |     Arc      |   Cell    | Delay | Arrival | Required | 
     |                                        |              |           |       |  Time   |   Time   | 
     |----------------------------------------+--------------+-----------+-------+---------+----------| 
     |                                        | iDataB[4] v  |           |       |   1.000 |    0.984 | 
     | mul_26_43_g3087__7098                  | A2 v -> ZN ^ | NAND2_X1  | 0.033 |   1.033 |    1.017 | 
     | mul_26_43_g2946__8428                  | A1 ^ -> ZN v | NAND2_X1  | 0.017 |   1.050 |    1.034 | 
     | mul_26_43_g2919__7098                  | A1 v -> ZN ^ | NAND2_X1  | 0.015 |   1.065 |    1.049 | 
     | g3665                                  | A ^ -> ZN v  | OAI21_X1  | 0.029 |   1.095 |    1.078 | 
     | g3664                                  | A v -> CO v  | FA_X1     | 0.083 |   1.177 |    1.161 | 
     | mul_26_43_g2800__8246                  | A v -> ZN v  | XNOR2_X1  | 0.051 |   1.229 |    1.213 | 
     | g3640                                  | B v -> CO v  | FA_X1     | 0.082 |   1.311 |    1.295 | 
     | mul_26_43_g2723__3680                  | A1 v -> ZN ^ | NOR2_X1   | 0.050 |   1.361 |    1.345 | 
     | FE_OFC5_mul_26_43_n_351                | A ^ -> ZN v  | INV_X1    | 0.010 |   1.371 |    1.355 | 
     | mul_26_43_g2718__4319                  | A2 v -> ZN ^ | NAND2_X1  | 0.017 |   1.388 |    1.372 | 
     | mul_26_43_g2716__6260                  | A2 ^ -> ZN v | NOR2_X1   | 0.012 |   1.400 |    1.384 | 
     | mul_26_43_g2709__2346                  | B1 v -> ZN ^ | AOI21_X2  | 0.025 |   1.425 |    1.408 | 
     | mul_26_43_g2708__2883                  | A ^ -> ZN v  | OAI21_X2  | 0.024 |   1.448 |    1.432 | 
     | mul_26_43_g2703__7482                  | B1 v -> ZN ^ | AOI21_X2  | 0.031 |   1.480 |    1.463 | 
     | mul_26_43_g2700__6131                  | B1 ^ -> ZN v | OAI21_X1  | 0.018 |   1.498 |    1.481 | 
     | mul_26_43_g2699                        | A v -> ZN ^  | INV_X1    | 0.018 |   1.515 |    1.499 | 
     | mul_26_43_g2698__7098                  | A ^ -> S ^   | HA_X1     | 0.049 |   1.564 |    1.547 | 
     | mul_26_43_g2696                        | A ^ -> ZN v  | INV_X1    | 0.016 |   1.580 |    1.564 | 
     | g2880__9945                            | A1 v -> ZN ^ | NOR2_X1   | 0.032 |   1.612 |    1.595 | 
     | g2877                                  | A ^ -> ZN v  | INV_X1    | 0.009 |   1.621 |    1.605 | 
     | g2871__5115                            | A1 v -> ZN ^ | NOR3_X1   | 0.089 |   1.710 |    1.693 | 
     | g2860__6783                            | A1 ^ -> ZN v | NAND4_X1  | 0.062 |   1.771 |    1.755 | 
     | g2855__5107                            | A2 v -> ZN v | AND3_X2   | 0.061 |   1.832 |    1.815 | 
     | g3633                                  | A v -> ZN ^  | INV_X1    | 0.036 |   1.868 |    1.851 | 
     | WALLACE_CSA_DUMMY_OP_groupi_g504__6783 | A ^ -> CO ^  | HA_X1     | 0.044 |   1.911 |    1.895 | 
     | WALLACE_CSA_DUMMY_OP_groupi_g503       | A ^ -> ZN v  | INV_X1    | 0.009 |   1.920 |    1.904 | 
     | WALLACE_CSA_DUMMY_OP_groupi_g492__1666 | B2 v -> ZN ^ | OAI21_X1  | 0.037 |   1.957 |    1.941 | 
     | WALLACE_CSA_DUMMY_OP_groupi_g482__5115 | CI ^ -> CO ^ | FA_X1     | 0.052 |   2.009 |    1.992 | 
     | WALLACE_CSA_DUMMY_OP_groupi_g481__1881 | CI ^ -> CO ^ | FA_X1     | 0.056 |   2.065 |    2.049 | 
     | WALLACE_CSA_DUMMY_OP_groupi_g480__6131 | A1 ^ -> ZN v | NAND2_X1  | 0.016 |   2.081 |    2.065 | 
     | WALLACE_CSA_DUMMY_OP_groupi_g478__8246 | A v -> ZN ^  | OAI211_X1 | 0.025 |   2.106 |    2.090 | 
     | WALLACE_CSA_DUMMY_OP_groupi_g475__2802 | CI ^ -> CO ^ | FA_X1     | 0.053 |   2.159 |    2.143 | 
     | WALLACE_CSA_DUMMY_OP_groupi_g474__1617 | CI ^ -> CO ^ | FA_X1     | 0.051 |   2.210 |    2.194 | 
     | WALLACE_CSA_DUMMY_OP_groupi_g472__6783 | A ^ -> ZN v  | XNOR2_X1  | 0.016 |   2.227 |    2.210 | 
     | g3564__4319                            | A1 v -> ZN ^ | NOR3_X1   | 0.036 |   2.263 |    2.247 | 
     | FE_OFC2_72                             | A ^ -> Z ^   | BUF_X2    | 0.048 |   2.311 |    2.295 | 
     | g3540__1617                            | A1 ^ -> ZN v | NAND2_X2  | 0.023 |   2.334 |    2.318 | 
     | g3535                                  | A v -> ZN ^  | INV_X1    | 0.019 |   2.353 |    2.337 | 
     | g3532__5107                            | A1 ^ -> ZN ^ | AND2_X1   | 0.031 |   2.384 |    2.367 | 
     | oData_reg[2]                           | D ^          | DFFR_X1   | 0.000 |   2.384 |    2.367 | 
     +------------------------------------------------------------------------------------------------+ 

