###############################################################
#  Generated by:      Cadence Innovus 19.10-p002_1
#  OS:                Linux x86_64(Host ID scooby.ece.local.cmu.edu)
#  Generated on:      Sat Nov 15 02:27:36 2025
#  Design:            pe_16
#  Command:           report_timing -max_paths 1 > ${DESIGN}_CRITICAL_PATH.rpt
###############################################################
Path 1: MET Setup Check with Pin oA_reg[15]/CK 
Endpoint:   oA_reg[15]/D (v) checked with  leading edge of 'core_clock'
Beginpoint: iW[2]        (^) triggered by  leading edge of '@'
Path Groups: {in2reg}
Analysis View: WC_VIEW
Other End Arrival Time          0.000
- Setup                         0.041
+ Phase Shift                   2.500
+ CPPR Adjustment               0.000
- Uncertainty                   0.100
= Required Time                 2.359
- Arrival Time                  1.429
= Slack Time                    0.930
     Clock Rise Edge                      0.000
     + Input Delay                        0.000
     = Beginpoint Arrival Time            0.000
     +-------------------------------------------------------------------------------------------------+ 
     |                Instance                 |     Arc      |   Cell    | Delay | Arrival | Required | 
     |                                         |              |           |       |  Time   |   Time   | 
     |-----------------------------------------+--------------+-----------+-------+---------+----------| 
     |                                         | iW[2] ^      |           |       |   0.000 |    0.930 | 
     | WALLACE_CSA_DUMMY_OP_groupi_g3001       | A ^ -> ZN v  | INV_X1    | 0.012 |   0.012 |    0.942 | 
     | WALLACE_CSA_DUMMY_OP_groupi_g2969__6783 | A1 v -> ZN v | OR2_X1    | 0.046 |   0.058 |    0.988 | 
     | WALLACE_CSA_DUMMY_OP_groupi_g2957__2346 | A2 v -> ZN ^ | NAND2_X1  | 0.016 |   0.074 |    1.004 | 
     | WALLACE_CSA_DUMMY_OP_groupi_g2936__2802 | A1 ^ -> ZN ^ | AND2_X1   | 0.111 |   0.184 |    1.114 | 
     | WALLACE_CSA_DUMMY_OP_groupi_g2894__6260 | C1 ^ -> ZN v | AOI222_X1 | 0.047 |   0.232 |    1.162 | 
     | WALLACE_CSA_DUMMY_OP_groupi_g2869__5526 | A v -> ZN v  | XNOR2_X1  | 0.055 |   0.286 |    1.216 | 
     | WALLACE_CSA_DUMMY_OP_groupi_g2839__4319 | A v -> CO v  | FA_X1     | 0.080 |   0.366 |    1.296 | 
     | WALLACE_CSA_DUMMY_OP_groupi_g2824__5115 | CI v -> CO v | FA_X1     | 0.073 |   0.439 |    1.369 | 
     | WALLACE_CSA_DUMMY_OP_groupi_g2799__6161 | CI v -> CO v | FA_X1     | 0.078 |   0.516 |    1.446 | 
     | WALLACE_CSA_DUMMY_OP_groupi_g2775__2346 | A v -> CO v  | FA_X1     | 0.082 |   0.598 |    1.528 | 
     | WALLACE_CSA_DUMMY_OP_groupi_g2753__5107 | A v -> CO v  | FA_X1     | 0.081 |   0.680 |    1.610 | 
     | WALLACE_CSA_DUMMY_OP_groupi_g2737__7098 | A v -> CO v  | FA_X1     | 0.084 |   0.764 |    1.694 | 
     | WALLACE_CSA_DUMMY_OP_groupi_g2729__5526 | A v -> CO v  | FA_X1     | 0.083 |   0.846 |    1.776 | 
     | WALLACE_CSA_DUMMY_OP_groupi_g2728__8428 | A v -> CO v  | FA_X1     | 0.082 |   0.928 |    1.858 | 
     | WALLACE_CSA_DUMMY_OP_groupi_g2727__4319 | A v -> CO v  | FA_X1     | 0.081 |   1.009 |    1.939 | 
     | WALLACE_CSA_DUMMY_OP_groupi_g2726__6260 | A v -> CO v  | FA_X1     | 0.078 |   1.088 |    2.018 | 
     | WALLACE_CSA_DUMMY_OP_groupi_g2724__2398 | CI v -> CO v | FA_X1     | 0.074 |   1.161 |    2.091 | 
     | WALLACE_CSA_DUMMY_OP_groupi_g2723__5477 | CI v -> CO v | FA_X1     | 0.073 |   1.234 |    2.164 | 
     | WALLACE_CSA_DUMMY_OP_groupi_g2722__6417 | CI v -> CO v | FA_X1     | 0.073 |   1.307 |    2.237 | 
     | WALLACE_CSA_DUMMY_OP_groupi_g2721__7410 | CI v -> CO v | FA_X1     | 0.071 |   1.378 |    2.308 | 
     | WALLACE_CSA_DUMMY_OP_groupi_g2720__1666 | A v -> Z v   | XOR2_X1   | 0.051 |   1.429 |    2.359 | 
     | oA_reg[15]                              | D v          | DFFR_X1   | 0.000 |   1.429 |    2.359 | 
     +-------------------------------------------------------------------------------------------------+ 

