###############################################################
#  Generated by:      Cadence Innovus 19.10-p002_1
#  OS:                Linux x86_64(Host ID scooby.ece.local.cmu.edu)
#  Generated on:      Fri Nov 14 15:26:28 2025
#  Design:            fft_pe
#  Command:           report_timing -max_paths 1 > ${DESIGN}_CRITICAL_PATH.rpt
###############################################################
Path 1: VIOLATED Setup Check with Pin oA_reg[11]/CK 
Endpoint:   oA_reg[11]/D (v) checked with  leading edge of 'core_clock'
Beginpoint: iW[0]        (v) triggered by  leading edge of '@'
Path Groups: {in2reg}
Analysis View: WC_VIEW
Other End Arrival Time          0.000
- Setup                         0.043
+ Phase Shift                   2.500
+ CPPR Adjustment               0.000
- Uncertainty                   0.100
= Required Time                 2.357
- Arrival Time                  2.408
= Slack Time                   -0.051
     Clock Rise Edge                      0.000
     + Input Delay                        0.000
     = Beginpoint Arrival Time            0.000
     +------------------------------------------------------------------------------------+ 
     |          Instance          |     Arc      |   Cell    | Delay | Arrival | Required | 
     |                            |              |           |       |  Time   |   Time   | 
     |----------------------------+--------------+-----------+-------+---------+----------| 
     |                            | iW[0] v      |           |       |   0.000 |   -0.051 | 
     | mul_b_mul_24_43_g706__1881 | A2 v -> ZN v | AND2_X1   | 0.033 |   0.033 |   -0.018 | 
     | FE_RC_243_0                | A v -> ZN ^  | INV_X1    | 0.013 |   0.046 |   -0.005 | 
     | FE_RC_245_0                | A2 ^ -> ZN v | OAI22_X1  | 0.020 |   0.066 |    0.015 | 
     | mul_b_mul_24_43_g650__5115 | CI v -> CO v | FA_X1     | 0.073 |   0.139 |    0.088 | 
     | mul_b_mul_24_43_g648__1881 | A v -> CO v  | FA_X1     | 0.082 |   0.221 |    0.170 | 
     | mul_b_mul_24_43_g647__6131 | A v -> CO v  | FA_X1     | 0.080 |   0.302 |    0.251 | 
     | mul_b_mul_24_43_g646__7098 | CI v -> CO v | FA_X1     | 0.076 |   0.378 |    0.326 | 
     | mul_b_mul_24_43_g645__8246 | A v -> CO v  | FA_X1     | 0.083 |   0.461 |    0.410 | 
     | FE_RC_210_0                | A2 v -> ZN ^ | NAND2_X1  | 0.022 |   0.483 |    0.432 | 
     | FE_RC_209_0                | A1 ^ -> ZN v | NAND2_X1  | 0.018 |   0.501 |    0.450 | 
     | FE_RC_202_0                | A2 v -> ZN ^ | NAND2_X1  | 0.022 |   0.523 |    0.471 | 
     | FE_RC_201_0                | A1 ^ -> ZN v | NAND2_X2  | 0.017 |   0.540 |    0.489 | 
     | FE_RC_528_0                | A2 v -> ZN ^ | NAND2_X2  | 0.017 |   0.557 |    0.506 | 
     | FE_RC_527_0                | A1 ^ -> ZN v | NAND2_X2  | 0.015 |   0.572 |    0.521 | 
     | FE_RC_185_0                | A2 v -> ZN ^ | NAND2_X1  | 0.021 |   0.593 |    0.542 | 
     | FE_RC_625_0                | A2 ^ -> ZN v | NAND2_X1  | 0.018 |   0.611 |    0.560 | 
     | FE_RC_624_0                | A1 v -> ZN ^ | NAND2_X2  | 0.020 |   0.631 |    0.580 | 
     | FE_RC_635_0                | A1 ^ -> ZN v | NAND3_X2  | 0.022 |   0.654 |    0.602 | 
     | FE_RC_602_0                | A1 v -> ZN ^ | NAND2_X1  | 0.020 |   0.673 |    0.622 | 
     | FE_RC_601_0                | A1 ^ -> ZN v | NAND2_X1  | 0.015 |   0.688 |    0.637 | 
     | FE_RC_496_0                | A1 v -> ZN ^ | NAND2_X1  | 0.019 |   0.707 |    0.655 | 
     | FE_RC_503_0                | A2 ^ -> ZN v | NAND2_X1  | 0.019 |   0.725 |    0.674 | 
     | FE_RC_502_0                | A1 v -> ZN ^ | NAND2_X2  | 0.021 |   0.747 |    0.696 | 
     | FE_RC_487_0                | A2 ^ -> ZN v | OAI22_X1  | 0.030 |   0.777 |    0.726 | 
     | FE_RC_452_0                | A1 v -> ZN ^ | NAND2_X4  | 0.031 |   0.808 |    0.757 | 
     | FE_RC_495_0                | A ^ -> ZN v  | INV_X4    | 0.015 |   0.823 |    0.772 | 
     | FE_RC_660_0                | A2 v -> ZN ^ | NAND2_X2  | 0.020 |   0.843 |    0.792 | 
     | FE_RC_659_0                | A1 ^ -> ZN v | NAND2_X4  | 0.016 |   0.860 |    0.809 | 
     | FE_RC_683_0                | A2 v -> ZN v | AND2_X4   | 0.029 |   0.889 |    0.838 | 
     | g32106__6161               | A1 v -> ZN v | AND2_X2   | 0.027 |   0.917 |    0.865 | 
     | g32072__2883               | A1 v -> ZN v | AND2_X2   | 0.027 |   0.944 |    0.892 | 
     | g32051__5526               | A1 v -> ZN v | AND2_X2   | 0.027 |   0.970 |    0.919 | 
     | g32042__5477               | A1 v -> ZN v | AND2_X2   | 0.028 |   0.998 |    0.947 | 
     | g32019__8246               | A1 v -> ZN v | AND2_X1   | 0.033 |   1.031 |    0.980 | 
     | g31953__2346               | A1 v -> ZN ^ | NOR2_X1   | 0.033 |   1.063 |    1.012 | 
     | g31881__9945               | A1 ^ -> ZN ^ | AND4_X1   | 0.056 |   1.120 |    1.068 | 
     | g31853__6417               | A1 ^ -> ZN ^ | AND4_X2   | 0.068 |   1.188 |    1.137 | 
     | g31852                     | A ^ -> ZN v  | INV_X1    | 0.018 |   1.206 |    1.155 | 
     | g31849__2346               | A1 v -> ZN ^ | NOR2_X1   | 0.048 |   1.254 |    1.203 | 
     | g31834__8246               | A1 ^ -> ZN v | NOR2_X1   | 0.012 |   1.266 |    1.215 | 
     | g31820__5107               | A v -> ZN ^  | AOI221_X1 | 0.095 |   1.361 |    1.310 | 
     | FE_RC_282_0                | A1 ^ -> ZN ^ | OR2_X1    | 0.034 |   1.395 |    1.343 | 
     | FE_RC_280_0                | A3 ^ -> ZN v | NAND3_X1  | 0.029 |   1.424 |    1.372 | 
     | g31634                     | A v -> ZN ^  | INV_X1    | 0.025 |   1.448 |    1.397 | 
     | g31619__6161               | A1 ^ -> ZN v | NOR2_X1   | 0.013 |   1.461 |    1.410 | 
     | FE_RC_48_0                 | B1 v -> ZN ^ | OAI21_X1  | 0.036 |   1.498 |    1.446 | 
     | FE_RC_371_0                | A2 ^ -> ZN v | NOR2_X1   | 0.014 |   1.512 |    1.460 | 
     | FE_RC_435_0                | C1 v -> ZN ^ | OAI211_X1 | 0.032 |   1.544 |    1.493 | 
     | FE_RC_434_0                | A1 ^ -> ZN v | NAND2_X1  | 0.020 |   1.564 |    1.513 | 
     | FE_RC_423_0                | A1 v -> ZN ^ | NAND3_X2  | 0.022 |   1.586 |    1.535 | 
     | FE_RC_379_0                | A1 ^ -> ZN v | NAND3_X4  | 0.024 |   1.609 |    1.558 | 
     | FE_OFC46_n_723             | A v -> ZN ^  | INV_X8    | 0.023 |   1.632 |    1.581 | 
     | FE_OFC52_n_723             | A ^ -> ZN v  | INV_X1    | 0.010 |   1.642 |    1.591 | 
     | FE_RC_431_0                | A2 v -> ZN v | OR2_X1    | 0.057 |   1.699 |    1.648 | 
     | FE_RC_433_0                | A2 v -> ZN ^ | NAND2_X2  | 0.024 |   1.723 |    1.671 | 
     | FE_RC_539_0                | A2 ^ -> ZN v | NAND2_X1  | 0.015 |   1.738 |    1.686 | 
     | FE_RC_538_0                | A1 v -> ZN ^ | NAND2_X1  | 0.027 |   1.765 |    1.713 | 
     | FE_RC_523_0                | A ^ -> ZN v  | OAI21_X1  | 0.024 |   1.789 |    1.738 | 
     | FE_RC_119_0                | A1 v -> ZN ^ | NAND2_X2  | 0.019 |   1.808 |    1.757 | 
     | FE_RC_102_0                | A2 ^ -> ZN v | NAND2_X1  | 0.018 |   1.826 |    1.775 | 
     | FE_RC_514_0                | A2 v -> ZN ^ | NAND2_X1  | 0.017 |   1.843 |    1.792 | 
     | FE_RC_513_0                | A1 ^ -> ZN v | NAND2_X1  | 0.013 |   1.857 |    1.805 | 
     | FE_RC_499_0                | A1 v -> ZN ^ | NAND2_X1  | 0.014 |   1.871 |    1.819 | 
     | FE_RC_436_0                | A1 ^ -> ZN v | NAND2_X1  | 0.017 |   1.887 |    1.836 | 
     | FE_RC_518_0                | A1 v -> ZN ^ | NAND2_X1  | 0.025 |   1.913 |    1.861 | 
     | FE_RC_393_0                | S ^ -> Z v   | MUX2_X1   | 0.082 |   1.994 |    1.943 | 
     | FE_RC_279_0                | A1 v -> ZN ^ | AOI222_X1 | 0.058 |   2.052 |    2.001 | 
     | FE_RC_25_0                 | A2 ^ -> ZN v | NAND3_X1  | 0.029 |   2.081 |    2.030 | 
     | g31376__9315               | A1 v -> ZN ^ | NAND2_X1  | 0.018 |   2.099 |    2.048 | 
     | FE_RC_15_0                 | A1 ^ -> ZN v | NAND3_X1  | 0.026 |   2.125 |    2.074 | 
     | FE_OFC7_n_930              | A v -> Z v   | BUF_X2    | 0.043 |   2.168 |    2.117 | 
     | FE_OFC8_n_930              | A v -> ZN ^  | INV_X2    | 0.028 |   2.196 |    2.145 | 
     | FE_RC_315_0                | A1 ^ -> ZN ^ | OR3_X1    | 0.033 |   2.229 |    2.178 | 
     | FE_OFC34_n_936             | A ^ -> ZN v  | INV_X2    | 0.015 |   2.244 |    2.193 | 
     | FE_OFC36_n_936             | A v -> ZN ^  | INV_X1    | 0.030 |   2.274 |    2.223 | 
     | g31338__6161               | B1 ^ -> ZN v | OAI22_X1  | 0.022 |   2.297 |    2.245 | 
     | g31262__2802               | A3 v -> ZN v | OR4_X1    | 0.111 |   2.408 |    2.357 | 
     | oA_reg[11]                 | D v          | DFFR_X1   | 0.000 |   2.408 |    2.357 | 
     +------------------------------------------------------------------------------------+ 

