###############################################################
#  Generated by:      Cadence Innovus 21.38-s099_1
#  OS:                Linux x86_64(Host ID net1580)
#  Generated on:      Sat Aug 16 23:04:42 2025
#  Design:            INT_TO_BF16
#  Command:           report_timing -max_paths 1 > ${DESIGN}_CRITICAL_PATH.rpt
###############################################################
Path 1: MET Setup Check with Pin oFloat_reg[14]/CK 
Endpoint:   oFloat_reg[14]/D (v) checked with  leading edge of 'core_clock'
Beginpoint: iInt[0]          (v) triggered by  leading edge of 'core_clock'
Path Groups: {in2reg}
Analysis View: WC_VIEW
Other End Arrival Time          0.000
- Setup                         0.039
+ Phase Shift                   2.500
+ CPPR Adjustment               0.000
- Uncertainty                   0.100
= Required Time                 2.361
- Arrival Time                  1.090
= Slack Time                    1.270
     Clock Rise Edge                      0.000
     + Input Delay                        1.000
     = Beginpoint Arrival Time            1.000
     +----------------------------------------------------------------------+ 
     |    Instance    |     Arc      |  Cell   | Delay | Arrival | Required | 
     |                |              |         |       |  Time   |   Time   | 
     |----------------+--------------+---------+-------+---------+----------| 
     |                | iInt[0] v    |         |       |   1.000 |    2.270 | 
     | g273__5526     | A2 v -> ZN v | OR2_X1  | 0.051 |   1.051 |    2.321 | 
     | g266__2398     | A1 v -> ZN ^ | NOR2_X1 | 0.032 |   1.082 |    2.353 | 
     | g264           | A ^ -> ZN v  | INV_X1  | 0.008 |   1.090 |    2.361 | 
     | oFloat_reg[14] | D v          | DFFR_X1 | 0.000 |   1.090 |    2.361 | 
     +----------------------------------------------------------------------+ 

