###############################################################
#  Generated by:      Cadence Innovus 21.38-s099_1
#  OS:                Linux x86_64(Host ID net1580)
#  Generated on:      Sat Aug 16 21:52:06 2025
#  Design:            CH_ALOC
#  Command:           report_timing -max_paths 1 > ${DESIGN}_CRITICAL_PATH.rpt
###############################################################
Path 1: MET Setup Check with Pin oChunk_reg[13]/CK 
Endpoint:   oChunk_reg[13]/D (v) checked with  leading edge of 'core_clock'
Beginpoint: iInt[7]          (v) triggered by  leading edge of 'core_clock'
Path Groups: {in2reg}
Analysis View: WC_VIEW
Other End Arrival Time          0.000
- Setup                         0.047
+ Phase Shift                   2.500
+ CPPR Adjustment               0.000
- Uncertainty                   0.100
= Required Time                 2.353
- Arrival Time                  1.584
= Slack Time                    0.770
     Clock Rise Edge                      0.000
     + Input Delay                        1.000
     = Beginpoint Arrival Time            1.000
     +------------------------------------------------------------------------+ 
     |    Instance    |     Arc      |   Cell    | Delay | Arrival | Required | 
     |                |              |           |       |  Time   |   Time   | 
     |----------------+--------------+-----------+-------+---------+----------| 
     |                | iInt[7] v    |           |       |   1.000 |    1.770 | 
     | g1524__7482    | A4 v -> ZN v | OR4_X1    | 0.110 |   1.110 |    1.880 | 
     | g1519__8246    | A1 v -> ZN v | OR4_X1    | 0.089 |   1.200 |    1.969 | 
     | g1514__1617    | A1 v -> ZN v | AND2_X1   | 0.071 |   1.271 |    2.041 | 
     | g1508__4319    | A2 v -> ZN ^ | NOR2_X1   | 0.058 |   1.329 |    2.099 | 
     | g1505__5107    | A1 ^ -> ZN v | NAND3_X1  | 0.101 |   1.430 |    2.200 | 
     | g1496__9315    | A1 v -> ZN ^ | NAND3_X1  | 0.115 |   1.545 |    2.315 | 
     | g1487__5122    | B1 ^ -> ZN v | OAI221_X1 | 0.038 |   1.584 |    2.353 | 
     | oChunk_reg[13] | D v          | DFFR_X1   | 0.000 |   1.584 |    2.353 | 
     +------------------------------------------------------------------------+ 

