###############################################################
#  Generated by:      Cadence Innovus 19.10-p002_1
#  OS:                Linux x86_64(Host ID scooby.ece.local.cmu.edu)
#  Generated on:      Fri Nov 14 15:41:23 2025
#  Design:            systolic_pe
#  Command:           report_timing -max_paths 1 > ${DESIGN}_CRITICAL_PATH.rpt
###############################################################
Path 1: VIOLATED Setup Check with Pin oPartialSum_reg[1]/CK 
Endpoint:   oPartialSum_reg[1]/D (^) checked with  leading edge of 'core_clock'
Beginpoint: oMultEn_reg/Q        (^) triggered by  leading edge of 'core_clock'
Path Groups: {reg2reg}
Analysis View: WC_VIEW
Other End Arrival Time          0.000
- Setup                         0.037
+ Phase Shift                   2.500
+ CPPR Adjustment               0.000
- Uncertainty                   0.100
= Required Time                 2.363
- Arrival Time                  2.389
= Slack Time                   -0.025
     Clock Rise Edge                 0.000
     + Clock Network Latency (Ideal) 0.000
     = Beginpoint Arrival Time       0.000
     +-----------------------------------------------------------------------------------------------------------+ 
     |                      Instance                      |     Arc      |   Cell   | Delay | Arrival | Required | 
     |                                                    |              |          |       |  Time   |   Time   | 
     |----------------------------------------------------+--------------+----------+-------+---------+----------| 
     | oMultEn_reg                                        | CK ^         |          |       |   0.000 |   -0.025 | 
     | oMultEn_reg                                        | CK ^ -> Q ^  | DFFR_X1  | 0.105 |   0.105 |    0.079 | 
     | FE_OFC6_oMultEn                                    | A ^ -> Z ^   | BUF_X4   | 0.034 |   0.139 |    0.114 | 
     | g20894__4319                                       | A1 ^ -> ZN ^ | AND2_X1  | 0.071 |   0.210 |    0.185 | 
     | u_multiplier_bfloat16_mul_25_43_g978__7098         | B ^ -> S ^   | HA_X1    | 0.062 |   0.272 |    0.246 | 
     | u_multiplier_bfloat16_mul_25_43_cdnfadd_007_0__512 | CI ^ -> S v  | FA_X1    | 0.103 |   0.375 |    0.349 | 
     | 2                                                  |              |          |       |         |          | 
     | u_multiplier_bfloat16_mul_25_43_cdnfadd_007_3__613 | B v -> S ^   | FA_X1    | 0.127 |   0.501 |    0.476 | 
     | 1                                                  |              |          |       |         |          | 
     | u_multiplier_bfloat16_mul_25_43_cdnfadd_007_4__188 | CI ^ -> S v  | FA_X1    | 0.091 |   0.593 |    0.567 | 
     | 1                                                  |              |          |       |         |          | 
     | u_multiplier_bfloat16_mul_25_43_g940__4733         | A1 v -> ZN v | OR2_X1   | 0.054 |   0.647 |    0.621 | 
     | u_multiplier_bfloat16_mul_25_43_g935__1881         | B2 v -> ZN ^ | AOI21_X2 | 0.039 |   0.686 |    0.661 | 
     | u_multiplier_bfloat16_mul_25_43_g905__2883         | A2 ^ -> ZN v | NOR3_X1  | 0.018 |   0.704 |    0.678 | 
     | u_multiplier_bfloat16_mul_25_43_g900__6161         | A1 v -> ZN ^ | NAND2_X1 | 0.016 |   0.720 |    0.695 | 
     | u_multiplier_bfloat16_mul_25_43_g896__7482         | A2 ^ -> ZN v | NAND2_X1 | 0.026 |   0.746 |    0.721 | 
     | u_multiplier_bfloat16_mul_25_43_g891__8246         | A1 v -> ZN ^ | NAND3_X2 | 0.023 |   0.769 |    0.743 | 
     | u_multiplier_bfloat16_mul_25_43_g887__2802         | A1 ^ -> ZN v | NAND3_X2 | 0.035 |   0.803 |    0.778 | 
     | WALLACE_CSA_DUMMY_OP7_groupi_g405__9945            | A1 v -> ZN ^ | NAND2_X2 | 0.026 |   0.829 |    0.804 | 
     | g32202                                             | A1 ^ -> ZN v | NAND2_X2 | 0.016 |   0.846 |    0.820 | 
     | g32201                                             | A1 v -> ZN ^ | NOR2_X2  | 0.029 |   0.875 |    0.849 | 
     | g32200                                             | A1 ^ -> ZN v | NAND2_X2 | 0.020 |   0.895 |    0.869 | 
     | g32218                                             | A1 v -> ZN ^ | NAND3_X1 | 0.018 |   0.912 |    0.887 | 
     | WALLACE_CSA_DUMMY_OP7_groupi_g358__7410            | A1 ^ -> ZN v | NAND2_X1 | 0.023 |   0.935 |    0.910 | 
     | g32217                                             | A1 v -> ZN ^ | NAND3_X1 | 0.022 |   0.957 |    0.932 | 
     | WALLACE_CSA_DUMMY_OP7_groupi_g354__9945            | A1 ^ -> ZN v | NAND3_X2 | 0.020 |   0.977 |    0.951 | 
     | WALLACE_CSA_DUMMY_OP7_groupi_g2__6417              | A1 v -> ZN v | OR2_X2   | 0.043 |   1.020 |    0.994 | 
     | WALLACE_CSA_DUMMY_OP7_groupi_g346__5115            | A1 v -> ZN ^ | NAND2_X1 | 0.032 |   1.052 |    1.026 | 
     | g32226                                             | A1 ^ -> ZN ^ | AND2_X2  | 0.040 |   1.091 |    1.066 | 
     | FE_RC_0_0                                          | B1 ^ -> ZN v | OAI21_X4 | 0.019 |   1.111 |    1.085 | 
     | g31983__6260                                       | A1 v -> ZN ^ | NAND2_X1 | 0.035 |   1.146 |    1.120 | 
     | g31974                                             | A ^ -> ZN v  | INV_X1   | 0.013 |   1.159 |    1.133 | 
     | g31956__1881                                       | A2 v -> ZN ^ | NAND2_X1 | 0.021 |   1.180 |    1.154 | 
     | g31931__5526                                       | A2 ^ -> ZN v | NAND2_X2 | 0.019 |   1.199 |    1.173 | 
     | g32189                                             | CI v -> CO v | FA_X1    | 0.073 |   1.272 |    1.246 | 
     | g31885__5526                                       | A1 v -> ZN ^ | NAND2_X1 | 0.018 |   1.290 |    1.265 | 
     | g31877__2398                                       | A1 ^ -> ZN v | NAND2_X1 | 0.023 |   1.314 |    1.288 | 
     | g31843__5526                                       | A1 v -> ZN ^ | AOI22_X2 | 0.037 |   1.350 |    1.325 | 
     | g31832__6417                                       | B1 ^ -> ZN v | OAI21_X1 | 0.026 |   1.376 |    1.351 | 
     | g31825                                             | A v -> ZN ^  | INV_X1   | 0.016 |   1.392 |    1.367 | 
     | g31811__5122                                       | B1 ^ -> ZN v | OAI21_X1 | 0.019 |   1.411 |    1.386 | 
     | g31794__7410                                       | A1 v -> ZN ^ | NAND2_X1 | 0.018 |   1.429 |    1.403 | 
     | g31787__6161                                       | A1 ^ -> ZN v | NAND2_X1 | 0.027 |   1.455 |    1.430 | 
     | g31774__2802                                       | B1 v -> ZN ^ | OAI21_X4 | 0.065 |   1.520 |    1.495 | 
     | FE_OFC0_n_369                                      | A ^ -> ZN v  | INV_X2   | 0.037 |   1.557 |    1.532 | 
     | g31723__5115                                       | A2 v -> ZN ^ | NAND3_X1 | 0.043 |   1.600 |    1.574 | 
     | g32213                                             | A ^ -> ZN v  | AOI21_X1 | 0.019 |   1.618 |    1.593 | 
     | g31606__2346                                       | A v -> ZN ^  | AOI21_X1 | 0.044 |   1.663 |    1.637 | 
     | g31571__3680                                       | A3 ^ -> ZN v | NAND3_X1 | 0.035 |   1.698 |    1.672 | 
     | g31500__6131                                       | B v -> Z v   | MUX2_X1  | 0.069 |   1.767 |    1.742 | 
     | g31480__1666                                       | A1 v -> ZN ^ | NAND2_X1 | 0.017 |   1.784 |    1.758 | 
     | g31465__6131                                       | A1 ^ -> ZN v | NAND2_X1 | 0.020 |   1.804 |    1.778 | 
     | g31450__4319                                       | A1 v -> ZN ^ | NAND2_X1 | 0.020 |   1.823 |    1.798 | 
     | g31442__7410                                       | B1 ^ -> ZN v | OAI21_X1 | 0.015 |   1.838 |    1.813 | 
     | g31437__9945                                       | A1 v -> ZN ^ | NAND2_X1 | 0.015 |   1.853 |    1.828 | 
     | g31432__4733                                       | A1 ^ -> ZN v | NAND2_X1 | 0.022 |   1.875 |    1.850 | 
     | g31424__7098                                       | B1 v -> ZN ^ | AOI21_X2 | 0.033 |   1.908 |    1.882 | 
     | g31389__6131                                       | B1 ^ -> ZN v | OAI21_X1 | 0.023 |   1.930 |    1.905 | 
     | g31365__2398                                       | A v -> ZN v  | XNOR2_X1 | 0.040 |   1.971 |    1.945 | 
     | g32223                                             | A v -> Z v   | MUX2_X1  | 0.064 |   2.035 |    2.009 | 
     | g4                                                 | A v -> ZN ^  | INV_X1   | 0.027 |   2.062 |    2.036 | 
     | g31341__1617                                       | A1 ^ -> ZN v | NOR2_X2  | 0.011 |   2.073 |    2.048 | 
     | g31329__2398                                       | A1 v -> ZN v | AND3_X1  | 0.045 |   2.118 |    2.092 | 
     | g31309__8246                                       | A1 v -> ZN ^ | NAND2_X1 | 0.061 |   2.178 |    2.153 | 
     | g31272__2802                                       | A1 ^ -> ZN v | NOR2_X1  | 0.016 |   2.195 |    2.169 | 
     | g31245__8246                                       | A1 v -> ZN ^ | NOR2_X1  | 0.053 |   2.248 |    2.223 | 
     | g31216__8246                                       | A1 ^ -> ZN v | NAND3_X1 | 0.042 |   2.290 |    2.264 | 
     | g31202__6417                                       | A1 v -> ZN ^ | NAND2_X4 | 0.042 |   2.332 |    2.307 | 
     | g31197__9945                                       | A1 ^ -> ZN v | NAND3_X1 | 0.028 |   2.360 |    2.335 | 
     | g31179__8428                                       | A v -> ZN ^  | OAI21_X1 | 0.028 |   2.388 |    2.363 | 
     | oPartialSum_reg[1]                                 | D ^          | DFFR_X1  | 0.000 |   2.389 |    2.363 | 
     +-----------------------------------------------------------------------------------------------------------+ 

