###############################################################
#  Generated by:      Cadence Innovus 21.38-s099_1
#  OS:                Linux x86_64(Host ID net1580)
#  Generated on:      Sat Aug 16 23:33:36 2025
#  Design:            PWL_BF_MAX
#  Command:           report_timing -max_paths 1 > ${DESIGN}_CRITICAL_PATH.rpt
###############################################################
Path 1: MET Latch Borrowed Time Check with Pin oComp_reg/GN 
Endpoint:   oComp_reg/D (v) checked with trailing edge of 'core_clock'
Beginpoint: iClk        (v) triggered by trailing edge of 'core_clock'
Path Groups: {in2reg}
Analysis View: WC_VIEW
Other End Arrival Time          1.250
+ Time Borrowed                 0.130
+ Phase Shift                   0.000
+ CPPR Adjustment               0.000
- Uncertainty                   0.100
= Required Time                 1.280
- Arrival Time                  1.280
= Slack Time                    0.000
     Clock Fall Edge                      1.250
     = Beginpoint Arrival Time            1.250
     +------------------------------------------------------------------+ 
     |  Instance  |     Arc      |  Cell   | Delay | Arrival | Required | 
     |            |              |         |       |  Time   |   Time   | 
     |------------+--------------+---------+-------+---------+----------| 
     |            | iClk v       |         |       |   1.250 |    1.250 | 
     | g418__2398 | A3 v -> ZN v | AND3_X1 | 0.030 |   1.280 |    1.280 | 
     | oComp_reg  | D v          | DLL_X1  | 0.000 |   1.280 |    1.280 | 
     +------------------------------------------------------------------+ 

