###############################################################
#  Generated by:      Cadence Innovus 19.10-p002_1
#  OS:                Linux x86_64(Host ID scooby.ece.local.cmu.edu)
#  Generated on:      Sat Nov 15 02:15:22 2025
#  Design:            pe_4
#  Command:           report_timing -max_paths 1 > ${DESIGN}_CRITICAL_PATH.rpt
###############################################################
Path 1: MET Setup Check with Pin oA_reg[3]/CK 
Endpoint:   oA_reg[3]/D (v) checked with  leading edge of 'core_clock'
Beginpoint: iW[2]       (v) triggered by  leading edge of '@'
Path Groups: {in2reg}
Analysis View: WC_VIEW
Other End Arrival Time          0.000
- Setup                         0.041
+ Phase Shift                   2.500
+ CPPR Adjustment               0.000
- Uncertainty                   0.100
= Required Time                 2.359
- Arrival Time                  0.352
= Slack Time                    2.007
     Clock Rise Edge                      0.000
     + Input Delay                        0.000
     = Beginpoint Arrival Time            0.000
     +-----------------------------------------------------------------------------------------------------+ 
     |                   Instance                    |     Arc      |  Cell   | Delay | Arrival | Required | 
     |                                               |              |         |       |  Time   |   Time   | 
     |-----------------------------------------------+--------------+---------+-------+---------+----------| 
     |                                               | iW[2] v      |         |       |   0.000 |    2.007 | 
     | csa_tree_ADD_TC_OP_groupi_g282__4733          | A2 v -> ZN v | AND2_X1 | 0.031 |   0.031 |    2.039 | 
     | csa_tree_ADD_TC_OP_groupi_cdnfadd_003_1__6783 | B v -> S ^   | FA_X1   | 0.121 |   0.152 |    2.160 | 
     | csa_tree_ADD_TC_OP_groupi_cdnfadd_003_2__3680 | CI ^ -> S v  | FA_X1   | 0.094 |   0.246 |    2.253 | 
     | csa_tree_ADD_TC_OP_groupi_g274__1705          | A v -> Z v   | XOR2_X1 | 0.055 |   0.301 |    2.308 | 
     | csa_tree_ADD_TC_OP_groupi_g272__1617          | A v -> Z v   | XOR2_X1 | 0.051 |   0.352 |    2.359 | 
     | oA_reg[3]                                     | D v          | DFFR_X1 | 0.000 |   0.352 |    2.359 | 
     +-----------------------------------------------------------------------------------------------------+ 

