###############################################################
#  Generated by:      Cadence Innovus 19.10-p002_1
#  OS:                Linux x86_64(Host ID scooby.ece.local.cmu.edu)
#  Generated on:      Mon Nov 17 13:27:47 2025
#  Design:            pac
#  Command:           report_timing -max_paths 1 > ${DESIGN}_CRITICAL_PATH.rpt
###############################################################
Path 1: MET Late External Delay Assertion 
Endpoint:   out    (v) checked with  leading edge of 'aclk'
Beginpoint: in[92] (^) triggered by  leading edge of 'aclk'
Path Groups: {in2out}
Analysis View: WC_VIEW
Other End Arrival Time          0.000
- External Delay              1000.000
+ Phase Shift                 10000.000
+ CPPR Adjustment               0.000
- Uncertainty                 200.000
= Required Time               8800.000
- Arrival Time                1699.600
= Slack Time                  7100.400
     Clock Rise Edge                      0.000
     + Input Delay                      1000.000
     = Beginpoint Arrival Time          1000.000
     +--------------------------------------------------------------------------------------------------------------+ 
     |                Instance                 |     Arc     |         Cell          |  Delay |  Arrival | Required | 
     |                                         |             |                       |        |   Time   |   Time   | 
     |-----------------------------------------+-------------+-----------------------+--------+----------+----------| 
     |                                         | in[92] ^    |                       |        | 1000.000 | 8100.400 | 
     | g5472                                   | A ^ -> SN ^ | FAx1_ASAP7_75t_R      | 58.300 | 1058.300 | 8158.700 | 
     | g5471                                   | A ^ -> Y v  | INVxp33_ASAP7_75t_R   | 54.100 | 1112.400 | 8212.800 | 
     | WALLACE_CSA_DUMMY_OP_groupi_g5162__7098 | A v -> Y ^  | NOR2xp33_ASAP7_75t_R  | 34.600 | 1147.000 | 8247.399 | 
     | WALLACE_CSA_DUMMY_OP_groupi_g5051__8246 | A1 ^ -> Y v | OAI32xp33_ASAP7_75t_R | 46.800 | 1193.799 | 8294.199 | 
     | WALLACE_CSA_DUMMY_OP_groupi_g5013__7098 | A v -> Y ^  | MAJIxp5_ASAP7_75t_R   | 60.100 | 1253.900 | 8354.300 | 
     | WALLACE_CSA_DUMMY_OP_groupi_g5001       | A ^ -> Y v  | INVxp33_ASAP7_75t_R   | 32.400 | 1286.300 | 8386.700 | 
     | WALLACE_CSA_DUMMY_OP_groupi_g4936__5115 | B2 v -> Y ^ | OAI22xp33_ASAP7_75t_R | 26.000 | 1312.300 | 8412.700 | 
     | WALLACE_CSA_DUMMY_OP_groupi_g4918__8428 | A ^ -> Y v  | NOR2xp33_ASAP7_75t_R  | 19.900 | 1332.200 | 8432.600 | 
     | WALLACE_CSA_DUMMY_OP_groupi_g4910__6417 | B v -> Y ^  | AOI21xp33_ASAP7_75t_R | 26.800 | 1359.000 | 8459.400 | 
     | WALLACE_CSA_DUMMY_OP_groupi_g4909       | A ^ -> Y v  | INVxp33_ASAP7_75t_R   | 31.400 | 1390.400 | 8490.800 | 
     | WALLACE_CSA_DUMMY_OP_groupi_g4871__2346 | B v -> Y ^  | MAJIxp5_ASAP7_75t_R   | 28.200 | 1418.600 | 8519.000 | 
     | WALLACE_CSA_DUMMY_OP_groupi_g4870       | A ^ -> Y v  | INVxp33_ASAP7_75t_R   | 32.100 | 1450.701 | 8551.101 | 
     | WALLACE_CSA_DUMMY_OP_groupi_g4857__1881 | B2 v -> Y ^ | AOI22xp33_ASAP7_75t_R | 27.500 | 1478.201 | 8578.601 | 
     | WALLACE_CSA_DUMMY_OP_groupi_g4850__2802 | B ^ -> Y v  | NOR2xp33_ASAP7_75t_R  | 17.600 | 1495.800 | 8596.200 | 
     | WALLACE_CSA_DUMMY_OP_groupi_g4845__8428 | B v -> Y ^  | AOI21xp33_ASAP7_75t_R | 32.600 | 1528.400 | 8628.800 | 
     | WALLACE_CSA_DUMMY_OP_groupi_g4837__6417 | B ^ -> Y v  | NOR2xp33_ASAP7_75t_R  | 27.300 | 1555.701 | 8656.101 | 
     | WALLACE_CSA_DUMMY_OP_groupi_g4824__4733 | B v -> Y ^  | AOI21xp33_ASAP7_75t_R | 33.700 | 1589.401 | 8689.801 | 
     | WALLACE_CSA_DUMMY_OP_groupi_g4817__8246 | A2 ^ -> Y v | OAI21xp33_ASAP7_75t_R | 23.200 | 1612.600 | 8713.000 | 
     | WALLACE_CSA_DUMMY_OP_groupi_g4816       | A v -> Y ^  | INVxp33_ASAP7_75t_R   | 22.800 | 1635.400 | 8735.800 | 
     | WALLACE_CSA_DUMMY_OP_groupi_g4813__2802 | A2 ^ -> Y v | OAI21xp33_ASAP7_75t_R | 20.000 | 1655.400 | 8755.800 | 
     | WALLACE_CSA_DUMMY_OP_groupi_g4810__3680 | A2 v -> Y ^ | AOI211xp5_ASAP7_75t_R | 28.900 | 1684.300 | 8784.700 | 
     | g140                                    | A ^ -> Y v  | INVxp33_ASAP7_75t_R   | 15.300 | 1699.600 | 8800.000 | 
     |                                         | out v       |                       |  0.000 | 1699.600 | 8800.000 | 
     +--------------------------------------------------------------------------------------------------------------+ 

