###############################################################
#  Generated by:      Cadence Innovus 21.38-s099_1
#  OS:                Linux x86_64(Host ID net1580)
#  Generated on:      Sat Aug 16 23:25:34 2025
#  Design:            PREALIGNER
#  Command:           report_timing -max_paths 1 > ${DESIGN}_CRITICAL_PATH.rpt
###############################################################
Path 1: MET Setup Check with Pin oInt_reg[5]/CK 
Endpoint:   oInt_reg[5]/D (^) checked with  leading edge of 'core_clock'
Beginpoint: iMantissa[0]  (^) triggered by  leading edge of 'core_clock'
Path Groups: {in2reg}
Analysis View: WC_VIEW
Other End Arrival Time          0.000
- Setup                         0.035
+ Phase Shift                   2.500
+ CPPR Adjustment               0.000
- Uncertainty                   0.100
= Required Time                 2.365
- Arrival Time                  1.160
= Slack Time                    1.205
     Clock Rise Edge                      0.000
     + Input Delay                        1.000
     = Beginpoint Arrival Time            1.000
     +----------------------------------------------------------------------+ 
     |  Instance   |      Arc       |   Cell   | Delay | Arrival | Required | 
     |             |                |          |       |  Time   |   Time   | 
     |-------------+----------------+----------+-------+---------+----------| 
     |             | iMantissa[0] ^ |          |       |   1.000 |    2.205 | 
     | g306__7482  | A2 ^ -> ZN v   | NAND2_X1 | 0.019 |   1.019 |    2.224 | 
     | g299__8246  | A1 v -> ZN ^   | NOR2_X1  | 0.031 |   1.050 |    2.255 | 
     | g296__2802  | A1 ^ -> ZN v   | NAND2_X1 | 0.025 |   1.075 |    2.281 | 
     | g295        | A v -> ZN ^    | INV_X1   | 0.015 |   1.090 |    2.296 | 
     | g294__1617  | A1 ^ -> ZN v   | NAND2_X1 | 0.016 |   1.106 |    2.311 | 
     | g288__4319  | A1 v -> ZN ^   | NAND2_X1 | 0.016 |   1.123 |    2.328 | 
     | g283__2398  | A ^ -> ZN ^    | XNOR2_X1 | 0.037 |   1.160 |    2.365 | 
     | oInt_reg[5] | D ^            | DFFR_X1  | 0.000 |   1.160 |    2.365 | 
     +----------------------------------------------------------------------+ 

