###############################################################
#  Generated by:      Cadence Innovus 21.38-s099_1
#  OS:                Linux x86_64(Host ID net1580)
#  Generated on:      Sun Aug 17 14:14:47 2025
#  Design:            VLP_ROUND
#  Command:           report_timing -max_paths 1 > ${DESIGN}_CRITICAL_PATH.rpt
###############################################################
Path 1: MET Setup Check with Pin oExponent_reg[6]/CK 
Endpoint:   oExponent_reg[6]/D (^) checked with  leading edge of 'core_clock'
Beginpoint: iFloat[3]          (^) triggered by  leading edge of 'core_clock'
Path Groups: {in2reg}
Analysis View: WC_VIEW
Other End Arrival Time          0.000
- Setup                         0.036
+ Phase Shift                   2.500
+ CPPR Adjustment               0.000
- Uncertainty                   0.100
= Required Time                 2.364
- Arrival Time                  1.374
= Slack Time                    0.991
     Clock Rise Edge                      0.000
     + Input Delay                        1.000
     = Beginpoint Arrival Time            1.000
     +------------------------------------------------------------------------+ 
     |     Instance     |     Arc      |  Cell   | Delay | Arrival | Required | 
     |                  |              |         |       |  Time   |   Time   | 
     |------------------+--------------+---------+-------+---------+----------| 
     |                  | iFloat[3] ^  |         |       |   1.000 |    1.991 | 
     | g414__5115       | B ^ -> CO ^  | HA_X1   | 0.034 |   1.034 |    2.024 | 
     | g411__6131       | A ^ -> CO ^  | HA_X1   | 0.036 |   1.070 |    2.060 | 
     | g408__8246       | A ^ -> CO ^  | HA_X1   | 0.029 |   1.098 |    2.089 | 
     | g406__1705       | A1 ^ -> ZN ^ | AND2_X1 | 0.034 |   1.133 |    2.123 | 
     | g404__2802       | A ^ -> CO ^  | HA_X1   | 0.036 |   1.168 |    2.159 | 
     | g402__1617       | A ^ -> CO ^  | HA_X1   | 0.040 |   1.208 |    2.199 | 
     | g401__3680       | A1 ^ -> ZN ^ | AND3_X1 | 0.048 |   1.256 |    2.246 | 
     | g397__5526       | A ^ -> CO ^  | HA_X1   | 0.039 |   1.295 |    2.286 | 
     | g390__5107       | A ^ -> CO ^  | HA_X1   | 0.034 |   1.329 |    2.320 | 
     | g388__2398       | A ^ -> Z ^   | XOR2_X1 | 0.045 |   1.374 |    2.364 | 
     | oExponent_reg[6] | D ^          | DFFR_X1 | 0.000 |   1.374 |    2.364 | 
     +------------------------------------------------------------------------+ 

