###############################################################
#  Generated by:      Cadence Innovus 21.38-s099_1
#  OS:                Linux x86_64(Host ID net1580)
#  Generated on:      Sat Aug 16 23:02:31 2025
#  Design:            FIFO
#  Command:           report_timing -max_paths 1 > ${DESIGN}_CRITICAL_PATH.rpt
###############################################################
Path 1: MET Setup Check with Pin oData_reg[4]/CK 
Endpoint:   oData_reg[4]/D (v) checked with  leading edge of 'core_clock'
Beginpoint: iClr           (^) triggered by  leading edge of 'core_clock'
Path Groups: {in2reg}
Analysis View: WC_VIEW
Other End Arrival Time          0.000
- Setup                         0.046
+ Phase Shift                   2.500
+ CPPR Adjustment               0.000
- Uncertainty                   0.100
= Required Time                 2.354
- Arrival Time                  1.347
= Slack Time                    1.007
     Clock Rise Edge                      0.000
     + Input Delay                        1.000
     = Beginpoint Arrival Time            1.000
     +----------------------------------------------------------------------+ 
     |   Instance   |     Arc      |   Cell    | Delay | Arrival | Required | 
     |              |              |           |       |  Time   |   Time   | 
     |--------------+--------------+-----------+-------+---------+----------| 
     |              | iClr ^       |           |       |   1.000 |    2.007 | 
     | g7853        | A ^ -> ZN v  | INV_X1    | 0.018 |   1.018 |    2.026 | 
     | g7794__5526  | A1 v -> ZN ^ | NAND3_X1  | 0.034 |   1.053 |    2.060 | 
     | g7751__4733  | B ^ -> ZN v  | AOI211_X1 | 0.018 |   1.070 |    2.078 | 
     | FE_OFC6_n_80 | A v -> Z v   | CLKBUF_X1 | 0.126 |   1.197 |    2.204 | 
     | g7474__1881  | B1 v -> ZN ^ | AOI222_X1 | 0.112 |   1.309 |    2.316 | 
     | g7261__1881  | A1 ^ -> ZN v | NAND4_X1  | 0.038 |   1.347 |    2.354 | 
     | oData_reg[4] | D v          | DFFR_X1   | 0.000 |   1.347 |    2.354 | 
     +----------------------------------------------------------------------+ 

