###############################################################
#  Generated by:      Cadence Innovus 21.38-s099_1
#  OS:                Linux x86_64(Host ID net1580)
#  Generated on:      Sat Aug 16 21:55:41 2025
#  Design:            CH_DEALOC
#  Command:           report_timing -max_paths 1 > ${DESIGN}_CRITICAL_PATH.rpt
###############################################################
Path 1: MET Setup Check with Pin oChunk_reg[8]/CK 
Endpoint:   oChunk_reg[8]/SE (^) checked with  leading edge of 'core_clock'
Beginpoint: iChunkSelect[0]  (v) triggered by  leading edge of 'core_clock'
Path Groups: {in2reg}
Analysis View: WC_VIEW
Other End Arrival Time          0.000
- Setup                         0.090
+ Phase Shift                   2.500
+ CPPR Adjustment               0.000
- Uncertainty                   0.100
= Required Time                 2.310
- Arrival Time                  1.095
= Slack Time                    1.215
     Clock Rise Edge                      0.000
     + Input Delay                        1.000
     = Beginpoint Arrival Time            1.000
     +---------------------------------------------------------------------------+ 
     |   Instance    |        Arc        |   Cell   | Delay | Arrival | Required | 
     |               |                   |          |       |  Time   |   Time   | 
     |---------------+-------------------+----------+-------+---------+----------| 
     |               | iChunkSelect[0] v |          |       |   1.000 |    2.215 | 
     | g130__6260    | A2 v -> ZN ^      | NOR2_X2  | 0.094 |   1.094 |    2.309 | 
     | oChunk_reg[8] | SE ^              | SDFFR_X1 | 0.001 |   1.095 |    2.310 | 
     +---------------------------------------------------------------------------+ 

