###############################################################
#  Generated by:      Cadence Innovus 19.10-p002_1
#  OS:                Linux x86_64(Host ID scooby.ece.local.cmu.edu)
#  Generated on:      Sun Nov 16 22:20:52 2025
#  Design:            wta
#  Command:           report_timing -max_paths 1 > ${DESIGN}_CRITICAL_PATH.rpt
###############################################################
Path 1: MET Late External Delay Assertion 
Endpoint:   li_out[1]    (^) checked with  leading edge of 'aclk'
Beginpoint: ec_spikes[0] (v) triggered by  leading edge of 'aclk'
Path Groups: {in2out}
Analysis View: WC_VIEW
Other End Arrival Time          0.000
- External Delay              1000.000
+ Phase Shift                 10000.000
+ CPPR Adjustment               0.000
- Uncertainty                 200.000
= Required Time               8800.000
- Arrival Time                1050.300
= Slack Time                  7749.700
     Clock Rise Edge                      0.000
     + Input Delay                      1000.000
     = Beginpoint Arrival Time          1000.000
     +----------------------------------------------------------------------------------------------------------------+ 
     |              Instance              |        Arc         |         Cell          |  Delay |  Arrival | Required | 
     |                                    |                    |                       |        |   Time   |   Time   | 
     |------------------------------------+--------------------+-----------------------+--------+----------+----------| 
     |                                    | ec_spikes[0] v     |                       |        |  999.999 | 8749.699 | 
     | less_than_or_equal_0_.l1/DUT_wq    | DATA_IN v -> OUT v | inhibit_pass          |  7.100 | 1007.100 | 8756.800 | 
     | less_than_or_equal_0_.l1/g12__2398 | B v -> Y ^         | NAND2xp33_ASAP7_75t_R | 13.500 | 1020.600 | 8770.300 | 
     | less_than_or_equal_0_.l1/g11       | A ^ -> Y v         | INVxp33_ASAP7_75t_R   | 16.300 | 1036.899 | 8786.600 | 
     | g17__4319                          | A v -> Y ^         | NOR2xp33_ASAP7_75t_R  | 13.400 | 1050.300 | 8800.000 | 
     |                                    | li_out[1] ^        |                       |  0.000 | 1050.300 | 8800.000 | 
     +----------------------------------------------------------------------------------------------------------------+ 

