###############################################################
#  Generated by:      Cadence Innovus 21.38-s099_1
#  OS:                Linux x86_64(Host ID net1580)
#  Generated on:      Sun Aug 17 16:48:26 2025
#  Design:            DOUBLE_INPUT_FIFO
#  Command:           report_timing -max_paths 1 > ${DESIGN}_CRITICAL_PATH.rpt
###############################################################
Path 1: MET Setup Check with Pin fifo_reg[2][4]/CK 
Endpoint:   fifo_reg[2][4]/D (^) checked with  leading edge of 'core_clock'
Beginpoint: iState           (v) triggered by  leading edge of 'core_clock'
Path Groups: {in2reg}
Analysis View: WC_VIEW
Other End Arrival Time          0.000
- Setup                         0.034
+ Phase Shift                   2.500
+ CPPR Adjustment               0.000
- Uncertainty                   0.100
= Required Time                 2.366
- Arrival Time                  1.554
= Slack Time                    0.812
     Clock Rise Edge                      0.000
     + Input Delay                        1.000
     = Beginpoint Arrival Time            1.000
     +------------------------------------------------------------------------+ 
     |    Instance    |     Arc      |   Cell    | Delay | Arrival | Required | 
     |                |              |           |       |  Time   |   Time   | 
     |----------------+--------------+-----------+-------+---------+----------| 
     |                | iState v     |           |       |   1.000 |    1.812 | 
     | g12919__3680   | S v -> Z ^   | MUX2_X1   | 0.057 |   1.057 |    1.869 | 
     | g12916         | A ^ -> ZN v  | INV_X1    | 0.021 |   1.078 |    1.889 | 
     | g12905__7410   | A v -> Z v   | XOR2_X1   | 0.050 |   1.127 |    1.939 | 
     | g12899__9315   | A1 v -> ZN v | AND2_X1   | 0.033 |   1.160 |    1.972 | 
     | g12893__5115   | A1 v -> ZN ^ | NAND3_X1  | 0.021 |   1.181 |    1.992 | 
     | g14352__7410   | A2 ^ -> ZN v | NAND2_X1  | 0.020 |   1.201 |    2.012 | 
     | g14341__5115   | A2 v -> ZN ^ | NOR2_X1   | 0.100 |   1.300 |    2.112 | 
     | g14331         | A ^ -> ZN v  | INV_X1    | 0.022 |   1.322 |    2.134 | 
     | g14306__5115   | A1 v -> ZN ^ | NOR2_X1   | 0.045 |   1.367 |    2.178 | 
     | g14298__5122   | A1 ^ -> ZN ^ | AND2_X1   | 0.137 |   1.503 |    2.315 | 
     | g14132__8246   | A2 ^ -> ZN v | AOI222_X1 | 0.028 |   1.532 |    2.343 | 
     | g14093         | A v -> ZN ^  | INV_X1    | 0.023 |   1.554 |    2.366 | 
     | fifo_reg[2][4] | D ^          | DFFR_X1   | 0.000 |   1.554 |    2.366 | 
     +------------------------------------------------------------------------+ 

