###############################################################
#  Generated by:      Cadence Innovus 21.38-s099_1
#  OS:                Linux x86_64(Host ID net1580)
#  Generated on:      Sat Aug 16 23:37:03 2025
#  Design:            REGISTER
#  Command:           report_timing -max_paths 1 > ${DESIGN}_CRITICAL_PATH.rpt
###############################################################
Path 1: MET Setup Check with Pin oData_reg[0]/CK 
Endpoint:   oData_reg[0]/D (v) checked with  leading edge of 'core_clock'
Beginpoint: iData[0]       (v) triggered by  leading edge of 'core_clock'
Path Groups: {in2reg}
Analysis View: WC_VIEW
Other End Arrival Time          0.000
- Setup                         0.037
+ Phase Shift                   2.500
+ CPPR Adjustment               0.000
- Uncertainty                   0.100
= Required Time                 2.363
- Arrival Time                  1.000
= Slack Time                    1.363
     Clock Rise Edge                      0.000
     + Input Delay                        1.000
     = Beginpoint Arrival Time            1.000
     +------------------------------------------------------------------+ 
     |   Instance   |    Arc     |  Cell   | Delay | Arrival | Required | 
     |              |            |         |       |  Time   |   Time   | 
     |--------------+------------+---------+-------+---------+----------| 
     |              | iData[0] v |         |       |   1.000 |    2.363 | 
     | oData_reg[0] | D v        | DFFR_X1 | 0.000 |   1.000 |    2.363 | 
     +------------------------------------------------------------------+ 

