###############################################################
#  Generated by:      Cadence Innovus 21.38-s099_1
#  OS:                Linux x86_64(Host ID net1580)
#  Generated on:      Sat Aug 16 23:29:37 2025
#  Design:            PWL_22_SEG_ENCODER
#  Command:           report_timing -max_paths 1 > ${DESIGN}_CRITICAL_PATH.rpt
###############################################################
Path 1: MET Setup Check with Pin oValue_reg[20]/CK 
Endpoint:   oValue_reg[20]/D (^) checked with  leading edge of 'core_clock'
Beginpoint: iValue[4]        (^) triggered by  leading edge of 'core_clock'
Path Groups: {in2reg}
Analysis View: WC_VIEW
Other End Arrival Time          0.000
- Setup                         0.032
+ Phase Shift                   2.500
+ CPPR Adjustment               0.000
- Uncertainty                   0.100
= Required Time                 2.368
- Arrival Time                  1.473
= Slack Time                    0.895
     Clock Rise Edge                      0.000
     + Input Delay                        1.000
     = Beginpoint Arrival Time            1.000
     +-----------------------------------------------------------------------+ 
     |    Instance    |     Arc      |   Cell   | Delay | Arrival | Required | 
     |                |              |          |       |  Time   |   Time   | 
     |----------------+--------------+----------+-------+---------+----------| 
     |                | iValue[4] ^  |          |       |   1.000 |    1.895 | 
     | g4559          | A ^ -> ZN v  | INV_X1   | 0.021 |   1.021 |    1.916 | 
     | g4492__2883    | A4 v -> ZN ^ | NOR4_X1  | 0.117 |   1.138 |    2.033 | 
     | g4484__1881    | A1 ^ -> ZN ^ | AND4_X1  | 0.079 |   1.217 |    2.112 | 
     | g4475__1617    | A1 ^ -> ZN v | NAND3_X1 | 0.026 |   1.242 |    2.137 | 
     | g4472          | A v -> ZN ^  | INV_X1   | 0.019 |   1.261 |    2.156 | 
     | g4459__9945    | A1 ^ -> ZN v | NAND3_X1 | 0.021 |   1.282 |    2.177 | 
     | g4454__6161    | A1 v -> ZN v | OR3_X1   | 0.072 |   1.354 |    2.249 | 
     | g4434__5107    | A1 v -> ZN ^ | NOR2_X1  | 0.042 |   1.396 |    2.292 | 
     | g4426__2883    | A1 ^ -> ZN ^ | AND3_X1  | 0.049 |   1.445 |    2.340 | 
     | g4391__5107    | A ^ -> ZN v  | AOI21_X1 | 0.013 |   1.458 |    2.353 | 
     | g4390          | A v -> ZN ^  | INV_X1   | 0.014 |   1.473 |    2.368 | 
     | oValue_reg[20] | D ^          | DFFR_X1  | 0.000 |   1.473 |    2.368 | 
     +-----------------------------------------------------------------------+ 

